2026-05-25 07:21:15,934 [INFO] google_auth_oauthlib.flow: Please visit this URL to authorize this application: https://accounts.google.com/o/oauth2/auth?response_type=code&client_id=1035383939985-l8sios87152tu3n5v4pi1o3veuts81cl.apps.googleusercontent.com&redirect_uri=http%3A%2F%2Flocalhost%3A64569%2F&scope=https%3A%2F%2Fwww.googleapis.com%2Fauth%2Fgmail.send&state=9Gb32o9tCyEVOLYRHOYJ8nRvMsnbMa&code_challenge=Wgr4yQWAaIP5g22YHHCpg0HWY84ObJXG1Wd4enYRslE&code_challenge_method=S256&access_type=offline
2026-05-25 07:24:11,719 [INFO] google_auth_oauthlib.flow: Please visit this URL to authorize this application: https://accounts.google.com/o/oauth2/auth?response_type=code&client_id=1035383939985-l8sios87152tu3n5v4pi1o3veuts81cl.apps.googleusercontent.com&redirect_uri=http%3A%2F%2Flocalhost%3A49481%2F&scope=https%3A%2F%2Fwww.googleapis.com%2Fauth%2Fgmail.send&state=xdSQbrJLjTBxnXJi3ByQ9cI1JxzePj&code_challenge=qbvk4dgmJOb1fXKFOMd3fxTKbIsTYETn0d4PNLZyOeA&code_challenge_method=S256&access_type=offline
2026-05-25 07:27:16,783 [INFO] google_auth_oauthlib.flow: Please visit this URL to authorize this application: https://accounts.google.com/o/oauth2/auth?response_type=code&client_id=1035383939985-l8sios87152tu3n5v4pi1o3veuts81cl.apps.googleusercontent.com&redirect_uri=http%3A%2F%2Flocalhost%3A56232%2F&scope=https%3A%2F%2Fwww.googleapis.com%2Fauth%2Fgmail.send&state=IWHFhFjV6LzrrOigRw4aZPLG0aMRws&code_challenge=F-viyhNhP2BE01ASMPoPAgTeYxBvMBhhXf86NLzvcWI&code_challenge_method=S256&access_type=offline
2026-05-25 08:01:59,280 [INFO] google_auth_oauthlib.flow: Opening your browser for Gmail sign-in.
If it does not open, copy the URL from the terminal into your browser.
2026-05-25 08:04:01,169 [INFO] google_auth_oauthlib.flow: Opening your browser for Gmail sign-in.
If it does not open, copy the URL from the terminal into your browser.
2026-05-25 08:07:18,437 [INFO] google_auth_oauthlib.flow: Opening your browser for Gmail sign-in.
If it does not open, copy the URL from the terminal into your browser.
2026-05-25 08:07:35,514 [INFO] google_auth_oauthlib.flow: "GET /?state=mRLHJpptkMcpk532TOBd5BNgHTXpL4&iss=https://accounts.google.com&code=4/0AeoWuM-ASrCsJfLBx_nJhW6TjHTOr3lb--9-rzUFOdWpJozQEW9j8fnXn4kUHMV_dI6seg&scope=https://www.googleapis.com/auth/gmail.send HTTP/1.1" 200 65
2026-05-25 08:07:37,580 [INFO] googleapiclient.discovery_cache: file_cache is only supported with oauth2client<4.0.0
2026-05-25 08:09:10,675 [INFO] sender: Email sent to m.djurdjevic0202@gmail.com (message id: 19e5f40e138c918b)
2026-05-25 08:09:11,580 [INFO] sender: Email sent to elenaoliver@gmail.com (message id: 19e5f40e3cdc2681)
2026-05-25 08:10:08,049 [INFO] sender: Email sent to m.djurdjevic0202@gmail.com (message id: 19e5f41c102e7294)
2026-05-25 08:10:08,715 [INFO] sender: Email sent to elenaoliver@gmail.com (message id: 19e5f41c3985065b)
2026-05-25 08:11:29,567 [INFO] sender: Email sent to m.djurdjevic0202@gmail.com (message id: 19e5f42fe90c9876)
2026-05-25 08:11:30,343 [INFO] sender: Email sent to elenaoliver@gmail.com (message id: 19e5f4303d39a246)
2026-05-25 08:12:31,059 [INFO] sender: Email sent to m.djurdjevic0202@gmail.com (message id: 19e5f43efa42cd2b)
2026-05-25 08:12:31,724 [INFO] sender: Email sent to elenaoliver@gmail.com (message id: 19e5f43f1b54b2c9)
2026-05-25 08:14:05,724 [INFO] googleapiclient.discovery_cache: file_cache is only supported with oauth2client<4.0.0
2026-05-25 08:14:07,673 [INFO] sender: Email sent to elenaoliver@gmail.com (message id: 19e5f456974a82a2)
2026-05-25 08:18:58,274 [INFO] googleapiclient.discovery_cache: file_cache is only supported with oauth2client<4.0.0
2026-05-25 08:20:47,090 [INFO] googleapiclient.discovery_cache: file_cache is only supported with oauth2client<4.0.0
2026-05-25 08:20:51,037 [INFO] google_auth_oauthlib.flow: Opening your browser for Gmail sign-in.
If it does not open, copy the URL from the terminal into your browser.
2026-05-25 08:21:56,895 [INFO] google_auth_oauthlib.flow: Opening your browser for Gmail sign-in.
If it does not open, copy the URL from the terminal into your browser.
2026-05-25 08:23:34,841 [INFO] google_auth_oauthlib.flow: Opening your browser for Gmail sign-in.
If it does not open, copy the URL from the terminal into your browser.
2026-05-25 08:27:04,484 [INFO] google_auth_oauthlib.flow: Opening your browser for Gmail sign-in.
If it does not open, copy the URL from the terminal into your browser.
2026-05-25 08:29:48,379 [INFO] google_auth_oauthlib.flow: Opening your browser for Gmail sign-in.
If it does not open, copy the URL from the terminal into your browser.
2026-05-25 08:30:42,484 [INFO] google_auth_oauthlib.flow: Opening your browser for Gmail sign-in.
If it does not open, copy the URL from the terminal into your browser.
2026-05-25 08:32:02,793 [INFO] google_auth_oauthlib.flow: Opening your browser for Gmail sign-in.
If it does not open, copy the URL from the terminal into your browser.
2026-05-25 08:32:26,162 [INFO] google_auth_oauthlib.flow: "GET /?state=Jh8M5JtyNKzmxtUl3FXEFCgvuooMDs&iss=https://accounts.google.com&code=4/0AeoWuM9N8YmaeNAiL52k3bEwRvZ2ArYjkPnfZ2tmhEjuAsbPagn-bIDGaKqnBnmD1K_3KA&scope=https://www.googleapis.com/auth/gmail.send HTTP/1.1" 200 65
2026-05-25 08:32:28,582 [INFO] googleapiclient.discovery_cache: file_cache is only supported with oauth2client<4.0.0
2026-05-25 08:33:10,015 [INFO] googleapiclient.discovery_cache: file_cache is only supported with oauth2client<4.0.0
2026-05-25 08:50:38,076 [INFO] googleapiclient.discovery_cache: file_cache is only supported with oauth2client<4.0.0
2026-05-25 08:51:28,808 [ERROR] sender: Failed to send email to hi@aaronhktan.com: Remote end closed connection without response
2026-05-25 08:51:58,017 [INFO] sender: Email sent to bert@somethingdoneright.net (message id: 19e5f67ef6ba3183)
2026-05-25 08:52:07,840 [INFO] sender: Email sent to me@russellbradley.com (message id: 19e5f682df7659b0)
2026-05-25 08:52:19,224 [INFO] sender: Email sent to lukewhrit@pm.me (message id: 19e5f68553a12114)
2026-05-25 08:52:24,646 [INFO] sender: Email sent to frank@frankcaron.com (message id: 19e5f686feec3148)
2026-05-25 08:52:27,896 [INFO] sender: Email sent to lucianjones96@gmail.com (message id: 19e5f687cd7824af)
2026-05-25 08:52:34,080 [INFO] sender: Email sent to sean.stewart@hey.com (message id: 19e5f68901179158)
2026-05-25 08:58:53,936 [INFO] googleapiclient.discovery_cache: file_cache is only supported with oauth2client<4.0.0
2026-05-25 08:58:55,854 [INFO] sender: Email sent to hi@aaronhktan.com (message id: 19e5f6e6ccac4f1b)
2026-05-25 09:00:56,722 [INFO] sender: Email sent to bert@somethingdoneright.net (message id: 19e5f70443307db2)
2026-05-25 09:02:57,608 [INFO] sender: Email sent to me@russellbradley.com (message id: 19e5f721c1e24fc2)
2026-05-25 09:04:59,033 [INFO] sender: Email sent to lukewhrit@pm.me (message id: 19e5f73f491be150)
2026-05-25 09:06:59,894 [INFO] sender: Email sent to frank@frankcaron.com (message id: 19e5f75cfe178ed8)
2026-05-25 09:09:00,783 [INFO] sender: Email sent to lucianjones96@gmail.com (message id: 19e5f77a6031c50b)
2026-05-25 09:11:01,855 [INFO] sender: Email sent to sean.stewart@hey.com (message id: 19e5f79810811dab)
2026-05-25 09:13:02,779 [INFO] sender: Email sent to goldstein@nyu.edu (message id: 19e5f7b59c000370)
2026-05-25 09:15:04,325 [INFO] sender: Email sent to julienfantin@gmail.com (message id: 19e5f7d3143c9a6f)
2026-05-25 09:17:05,183 [INFO] sender: Email sent to edwinthinks@gmail.com (message id: 19e5f7f0ac65096d)
2026-05-25 09:19:06,054 [INFO] sender: Email sent to abart97@hotmail.it (message id: 19e5f80e55a8393e)
2026-05-25 09:21:07,435 [INFO] sender: Email sent to github@tlima.me (message id: 19e5f82bcf9a75d2)
2026-05-25 09:23:09,387 [INFO] sender: Email sent to realjoelrivera@gmail.com (message id: 19e5f8497f612e48)
2026-05-25 09:25:10,225 [INFO] sender: Email sent to evan@esobko.com (message id: 19e5f8672e0c6b82)
2026-05-25 09:27:11,634 [INFO] sender: Email sent to sslyu@cs.washington.edu (message id: 19e5f884a3bcd060)
2026-05-25 09:29:14,441 [INFO] sender: Email sent to github@masonx.ca (message id: 19e5f8a2d6a908ed)
2026-05-25 09:31:15,358 [INFO] sender: Email sent to ho.kevins@gmail.com (message id: 19e5f8c0570046e3)
2026-05-25 09:32:06,715 [INFO] google_auth_oauthlib.flow: Opening your browser for Gmail sign-in.
If it does not open, copy the URL from the terminal into your browser.
2026-05-25 09:38:16,837 [INFO] google_auth_oauthlib.flow: Opening your browser for Gmail sign-in.
If it does not open, copy the URL from the terminal into your browser.
2026-05-25 09:40:00,165 [INFO] google_auth_oauthlib.flow: Opening your browser for Gmail sign-in.
If it does not open, copy the URL from the terminal into your browser.
2026-05-25 09:40:10,555 [INFO] google_auth_oauthlib.flow: "GET /?state=QIDyQGUeamrHy2ENXztMyqTTMYQGBw&iss=https://accounts.google.com&code=4/0AeoWuM9qEvGbNr2ykWSk4hdsg9K-980p4zXlBGrgOSptfA2lF-lGcE4UQEycpxy1kW-LHA&scope=https://www.googleapis.com/auth/gmail.send HTTP/1.1" 200 65
2026-05-25 09:40:12,154 [INFO] googleapiclient.discovery_cache: file_cache is only supported with oauth2client<4.0.0
2026-05-25 09:40:38,554 [INFO] sender: Email sent to hi@aaronhktan.com (message id: 19e5f949de0dbb7b)
2026-05-25 09:49:12,888 [INFO] googleapiclient.discovery_cache: file_cache is only supported with oauth2client<4.0.0
2026-05-25 09:49:50,023 [INFO] sender: Email sent to shah.mansi246@gmail.com (message id: 19e5f9d06fce256b)
2026-05-25 09:51:51,599 [INFO] sender: Email sent to pierre.klein@mail.mcgill.ca (message id: 19e5f9edf7d1c2e6)
2026-05-25 09:53:52,450 [INFO] sender: Email sent to sarahconfrancisco@gmail.com (message id: 19e5fa0b8cbd8fd8)
2026-05-25 09:55:53,310 [INFO] sender: Email sent to jonathan5kyl@gmail.com (message id: 19e5fa2901cde789)
2026-05-25 09:57:54,214 [INFO] sender: Email sent to rellas.email@gmail.com (message id: 19e5fa46a32d430f)
2026-05-25 09:59:55,078 [INFO] sender: Email sent to Dante82639@gmail.com (message id: 19e5fa642661ea02)
2026-05-25 10:01:55,926 [INFO] sender: Email sent to ted@patinaproject.com (message id: 19e5fa81b449e9ef)
2026-05-25 10:03:56,776 [INFO] sender: Email sent to zach@lysobey.com (message id: 19e5fa9f24b91fbb)
2026-05-25 10:05:57,679 [INFO] sender: Email sent to robin.schmidt.97@web.de (message id: 19e5fabca25f9103)
2026-05-25 10:07:58,520 [INFO] sender: Email sent to j.jantschulev@gmail.com (message id: 19e5fada3d485dcf)
2026-05-25 10:09:59,364 [INFO] sender: Email sent to haoyu.li@columbia.edu (message id: 19e5faf7a834dcd8)
2026-05-25 10:12:00,209 [INFO] sender: Email sent to svapnila@gmail.com (message id: 19e5fb152bdc44a4)
2026-05-25 10:14:01,082 [INFO] sender: Email sent to crm2193@columbia.edu (message id: 19e5fb32b5b87fff)
2026-05-25 10:16:02,758 [INFO] sender: Email sent to devinjstarks@gmail.com (message id: 19e5fb5048aefe1c)
2026-05-25 10:18:06,805 [INFO] sender: Email sent to moktarjama@gmail.com (message id: 19e5fb6e657bcb89)
2026-05-25 10:20:07,682 [INFO] sender: Email sent to briankn8@gmail.com (message id: 19e5fb8c35d0921b)
2026-05-25 10:22:08,689 [INFO] sender: Email sent to max.currier1@gmail.com (message id: 19e5fba9bcc8d68f)
2026-05-25 10:24:09,775 [INFO] sender: Email sent to maverick.alzate@gmail.com (message id: 19e5fbc74021bd4a)
2026-05-25 10:26:10,669 [INFO] sender: Email sent to zhangzhida822@outlook.com (message id: 19e5fbe4cdc05f6d)
2026-05-25 10:28:11,526 [INFO] sender: Email sent to eugene.wang@flatironschool.com (message id: 19e5fc025184eabb)
2026-05-25 10:30:12,437 [INFO] sender: Email sent to gordon.le11@gmail.com (message id: 19e5fc1fdb36999e)
2026-05-25 10:32:13,316 [INFO] sender: Email sent to alex.betts@gmail.com (message id: 19e5fc3d513bd632)
2026-05-25 10:34:14,167 [INFO] sender: Email sent to thesolitaryecrivain@gmail.com (message id: 19e5fc5ac7000878)
2026-05-25 10:36:15,025 [INFO] sender: Email sent to karl.kwon.phd@gmail.com (message id: 19e5fc784fb2154a)
2026-05-25 10:38:17,569 [INFO] sender: Email sent to evan108108@gmail.com (message id: 19e5fc965ca0b1d4)
2026-05-25 10:40:18,416 [INFO] sender: Email sent to wmacura@gmail.com (message id: 19e5fcb3c31c0790)
2026-05-25 10:42:19,249 [INFO] sender: Email sent to austenpayan@gmail.com (message id: 19e5fcd14a93a8e8)
2026-05-25 10:44:20,103 [INFO] sender: Email sent to wz1232@nyu.edu (message id: 19e5fceedbebb90e)
2026-05-25 10:46:21,031 [INFO] sender: Email sent to lceames@gmail.com (message id: 19e5fd0c5a73519d)
2026-05-25 10:48:21,935 [INFO] sender: Email sent to samsikabir@gmail.com (message id: 19e5fd29cc135201)
2026-05-25 10:50:22,821 [INFO] sender: Email sent to tavi.nathanson@gmail.com (message id: 19e5fd474b7673c5)
2026-05-25 10:52:24,142 [INFO] sender: Email sent to ezwang1@gmail.com (message id: 19e5fd64e1de7b41)
2026-05-25 10:54:24,817 [INFO] sender: Email sent to hemanthmalla@gmail.com (message id: 19e5fd826b200114)
2026-05-25 10:56:25,524 [INFO] sender: Email sent to sheldon.thomas@me.com (message id: 19e5fd9fc49c0fa4)
2026-05-25 10:58:26,213 [INFO] sender: Email sent to andrew.gk.yuan@gmail.com (message id: 19e5fdbd53c9dd62)
2026-05-25 11:00:26,904 [INFO] sender: Email sent to twinklemehta8@gmail.com (message id: 19e5fddadbb99ff2)
2026-05-25 11:02:27,584 [INFO] sender: Email sent to harryh@gmail.com (message id: 19e5fdf8371f3fdd)
2026-05-25 11:04:28,282 [INFO] sender: Email sent to mickeydang7299@gmail.com (message id: 19e5fe15af688ab6)
2026-05-25 11:06:28,966 [INFO] sender: Email sent to github@codebrewstudios.com (message id: 19e5fe332151cfa7)
2026-05-25 11:08:29,712 [INFO] sender: Email sent to hello@vndrewlee.com (message id: 19e5fe50aa7543ba)
2026-05-25 11:10:30,452 [INFO] sender: Email sent to jhadfield129@gmail.com (message id: 19e5fe6e2ff5dd9d)
2026-05-25 11:12:31,116 [INFO] sender: Email sent to gaddog94@gmail.com (message id: 19e5fe8b9ae40cb6)
2026-05-25 11:14:31,795 [INFO] sender: Email sent to theo@theolinnemann.com (message id: 19e5fea910b7ce24)
2026-05-25 11:16:32,583 [INFO] sender: Email sent to subashree188@gmail.com (message id: 19e5fec69ff4d1dc)
2026-05-25 11:18:33,283 [INFO] sender: Email sent to aaronvasquez1@gmail.com (message id: 19e5fee41a5379f6)
2026-05-25 11:20:33,990 [INFO] sender: Email sent to chenmx00@yahoo.com (message id: 19e5ff01682c25b4)
2026-05-25 11:22:34,687 [INFO] sender: Email sent to luis@quezada.nl (message id: 19e5ff1ee32e4d0c)
2026-05-25 11:24:35,591 [INFO] sender: Email sent to gregory.mazurek@gmail.com (message id: 19e5ff3c7485031a)
2026-05-25 11:26:36,345 [INFO] sender: Email sent to james.liounis@perplexity.ai (message id: 19e5ff59f642896f)
2026-05-25 11:28:37,054 [INFO] sender: Email sent to jason@remo.health (message id: 19e5ff777a55ea1a)
2026-05-25 11:30:37,866 [INFO] sender: Email sent to svitali@seas.upenn.edu (message id: 19e5ff94e9e7b38a)
2026-05-25 11:32:38,636 [INFO] sender: Email sent to jaimildalwadi2003@gmail.com (message id: 19e5ffb27dc178c1)
2026-05-25 11:34:40,776 [INFO] sender: Email sent to ruhua.jiang@gmail.com (message id: 19e5ffd03fe97dd4)
2026-05-25 11:36:41,558 [INFO] sender: Email sent to david.chen.dc2546@yale.edu (message id: 19e5ffedbf31e26d)
2026-05-25 11:38:42,302 [INFO] sender: Email sent to nsakhilesh02@gmail.com (message id: 19e6000b2536c44d)
2026-05-25 11:40:43,066 [INFO] sender: Email sent to tammytan1912@gmail.com (message id: 19e60028a4d88b1b)
2026-05-25 11:42:43,760 [INFO] sender: Email sent to me@alexwendland.com (message id: 19e600461fe32ba1)
2026-05-25 11:44:44,537 [INFO] sender: Email sent to jpnorair@indigresso.com (message id: 19e600639dce3d64)
2026-05-25 11:46:45,222 [INFO] sender: Email sent to ZacharySmith4989@gmail.com (message id: 19e6008112964fab)
2026-05-25 11:48:45,918 [INFO] sender: Email sent to chenxi@cs.columbia.edu (message id: 19e6009e8473d7ec)
2026-05-25 11:50:46,679 [INFO] sender: Email sent to jay.kaye31@gmail.com (message id: 19e600bc1afc2182)
2026-05-25 11:52:47,342 [INFO] sender: Email sent to rainrues@gmail.com (message id: 19e600d97013522d)
2026-05-25 11:54:49,034 [INFO] sender: Email sent to jacob@jacobsandlund.com (message id: 19e600f73be182c4)
2026-05-25 11:56:49,869 [INFO] sender: Email sent to cvh255@nyu.edu (message id: 19e60114b20a332e)
2026-05-25 11:58:50,681 [INFO] sender: Email sent to lee@felar.ca (message id: 19e60132383dea6b)
2026-05-25 12:00:51,570 [INFO] sender: Email sent to jhwilner1@gmail.com (message id: 19e6014fb4d17e15)
2026-05-25 12:02:52,414 [INFO] sender: Email sent to gigimscarborough@gmail.com (message id: 19e6016d213bfcbd)
2026-05-25 12:04:53,316 [INFO] sender: Email sent to joe@joeconyers.com (message id: 19e6018aaa9dcaf4)
2026-05-25 12:06:54,154 [INFO] sender: Email sent to daniel.s.catalano@gmail.com (message id: 19e601a827b731af)
2026-05-25 12:08:55,019 [INFO] sender: Email sent to rebeccaweir12@gmail.com (message id: 19e601c5be26d086)
2026-05-25 12:10:55,855 [INFO] sender: Email sent to hi@peterlin.ca (message id: 19e601e33ef2374f)
2026-05-25 12:12:56,712 [INFO] sender: Email sent to benkbaron@gmail.com (message id: 19e60200aa113cd1)
2026-05-25 12:14:57,645 [INFO] sender: Email sent to anas.stathop@gmail.com (message id: 19e6021e2c338462)
2026-05-25 12:16:58,512 [INFO] sender: Email sent to michael.perlin@jpmchase.com (message id: 19e6023bad8497db)
2026-05-25 12:18:59,411 [INFO] sender: Email sent to daan@devign.it (message id: 19e602594bee6f81)
2026-05-25 12:21:00,301 [INFO] sender: Email sent to anubhabr50@gmail.com (message id: 19e60276d42239e2)
2026-05-25 12:23:01,192 [INFO] sender: Email sent to gagejustins@gmail.com (message id: 19e60294555e08d8)
2026-05-25 12:25:02,074 [INFO] sender: Email sent to brurua@gmail.com (message id: 19e602b1cc68dbdd)
2026-05-25 12:27:03,018 [INFO] sender: Email sent to machekhinn@gmail.com (message id: 19e602cf5bfe07c0)
2026-05-25 12:29:03,836 [INFO] sender: Email sent to rhieger@gmail.com (message id: 19e602ecd1f6198c)
2026-05-25 12:31:06,307 [INFO] sender: Email sent to settnaing199@gmail.com (message id: 19e6030aa8658999)
2026-05-25 12:33:07,154 [INFO] sender: Email sent to cassiemoy@positiondev.com (message id: 19e603283cb34e8f)
2026-05-25 12:35:07,975 [INFO] sender: Email sent to cttsai.git@outlook.com (message id: 19e60345a0ea87ae)
2026-05-25 12:42:37,200 [INFO] sender: Email sent to echo@echonolan.net (message id: 19e603b37a563d37)
2026-05-25 12:52:39,168 [INFO] sender: Email sent to sarahsaltrick@gmail.com (message id: 19e604464c81565c)
2026-05-25 13:02:41,102 [INFO] sender: Email sent to georgeliu96@gmail.com (message id: 19e604d95635d6fb)
2026-05-25 13:12:43,027 [INFO] sender: Email sent to jeff@unbuggy.com (message id: 19e6056c468ea7c1)
2026-05-25 13:22:44,904 [INFO] sender: Email sent to rosendopili@gmail.com (message id: 19e605ff343f8128)
2026-05-25 13:32:48,100 [INFO] sender: Email sent to jpmcgaw@gmail.com (message id: 19e606926edd4b8c)
2026-05-25 13:42:50,168 [INFO] sender: Email sent to simon.wong@uwaterloo.ca (message id: 19e60725754c1029)
2026-05-25 13:52:52,183 [INFO] sender: Email sent to eytan85@gmail.com (message id: 19e607b86ba4efa7)
2026-05-25 14:02:54,585 [INFO] sender: Email sent to buckeye01@hotmail.com (message id: 19e6084b7ce6ad53)
2026-05-25 14:12:56,482 [INFO] sender: Email sent to dchassin@eudoxys.com (message id: 19e608de67bee03c)
2026-05-25 14:22:58,000 [INFO] sender: Email sent to multimegamander@gmail.com (message id: 19e6097151a9d438)
2026-05-25 14:33:01,046 [INFO] sender: Email sent to rdm@cfcl.com (message id: 19e60a04648b7f48)
2026-05-25 14:43:02,876 [INFO] sender: Email sent to kaminskikeving@gmail.com (message id: 19e60a977d3e89f3)
2026-05-25 14:53:04,779 [INFO] sender: Email sent to thomasjoyce@gmail.com (message id: 19e60b2a54c0e457)
2026-05-25 15:03:03,730 [INFO] sender: Email sent to jon.siebert@gmail.com (message id: 19e60bbd7e3461cd)
2026-05-25 15:13:05,549 [INFO] sender: Email sent to tpollyblank16@gmail.com (message id: 19e60c505acf7fb7)
2026-05-25 15:23:22,481 [INFO] googleapiclient.discovery_cache: file_cache is only supported with oauth2client<4.0.0
2026-05-25 15:26:07,584 [INFO] googleapiclient.discovery_cache: file_cache is only supported with oauth2client<4.0.0
2026-05-25 15:26:09,439 [INFO] sender: Email sent to jon.siebert@gmail.com (message id: 19e60d0f898ae66a)
2026-05-25 15:36:11,051 [INFO] sender: Email sent to tpollyblank16@gmail.com (message id: 19e60da27e23b01e)
2026-05-25 15:46:12,763 [INFO] sender: Email sent to jeff.d.calderon@gmail.com (message id: 19e60e3552659fca)
2026-05-25 15:56:14,388 [INFO] sender: Email sent to ttimz1313@gmail.com (message id: 19e60ec83384208a)
2026-05-25 16:06:14,834 [ERROR] sender: Failed to send email to luked@pobox.com: EOF occurred in violation of protocol (_ssl.c:2406)
2026-05-25 16:16:16,825 [INFO] sender: Email sent to 1725364@mukilteo.wednet.edu (message id: 19e60feda5e5a089)
2026-05-25 16:24:26,544 [INFO] sender: Email sent to mikec@compasstechintl.com (message id: 19e6106552e36645)
2026-05-25 16:34:28,831 [INFO] sender: Email sent to richard.mark.butler@gmail.com (message id: 19e610f84e8dcc02)
2026-05-25 16:44:50,157 [ERROR] sender: Failed to send email to Eric_Brooke@Znazzyilluzionz.com: [WinError 10060] A connection attempt failed because the connected party did not properly respond after a period of time, or established connection failed because connected host has failed to respond
2026-05-25 16:54:51,544 [INFO] sender: Email sent to lmariemeehan@gmail.com (message id: 19e61222fae0d822)
2026-05-25 17:04:51,767 [ERROR] sender: Failed to send email to bergjeremy37@google.com: EOF occurred in violation of protocol (_ssl.c:2406)
2026-05-25 17:14:52,669 [INFO] sender: Email sent to feisty_rae@yahoo.com (message id: 19e613480242e0c7)
2026-05-25 17:24:52,893 [ERROR] sender: Failed to send email to plptreeservicemarysvilleask@gmail.com: EOF occurred in violation of protocol (_ssl.c:2406)
2026-05-25 17:34:53,665 [ERROR] sender: Failed to send email to bfe520jst@yahoo.com: EOF occurred in violation of protocol (_ssl.c:2406)
2026-05-25 17:44:54,596 [INFO] sender: Email sent to jeremi@jeremiross.com (message id: 19e615001a37f3f0)
2026-05-25 17:54:54,812 [ERROR] sender: Failed to send email to minhdan97@aol.com: EOF occurred in violation of protocol (_ssl.c:2406)
2026-05-25 18:04:57,263 [INFO] sender: Email sent to paige_brockway@na.honda.com (message id: 19e616258fc42598)
2026-05-25 18:14:59,326 [INFO] sender: Email sent to LesleyPhillips@Yahoo.com (message id: 19e616b89bc6052c)
2026-05-25 18:25:02,043 [INFO] sender: Email sent to ucrobots@gmail.com (message id: 19e6174b9dc7dfb2)
2026-05-25 18:35:02,308 [ERROR] sender: Failed to send email to crtcreative@gmail.com: EOF occurred in violation of protocol (_ssl.c:2406)
2026-05-25 18:45:05,934 [INFO] sender: Email sent to ericdsergio87@icloud.com (message id: 19e61871b0402575)
2026-05-25 18:55:08,327 [INFO] sender: Email sent to p4uaugust@gmail.com (message id: 19e61904bb45fa8a)
2026-05-25 19:05:10,403 [INFO] sender: Email sent to sean.meyer@nice.com (message id: 19e61997bc775741)
2026-05-25 19:15:12,356 [INFO] sender: Email sent to marioserafini28@gmail.com (message id: 19e61a2aac258171)
2026-05-25 19:25:14,747 [INFO] sender: Email sent to robfendi48@gmail.com (message id: 19e61abda49dd96d)
2026-05-25 19:35:16,825 [INFO] sender: Email sent to farmmechanic71@gmail.com (message id: 19e61b50be6bfefc)
2026-05-25 19:45:20,603 [INFO] sender: Email sent to sch20lboy562@gmail.com (message id: 19e61be4166d2878)
2026-05-25 19:55:22,857 [INFO] sender: Email sent to jdcalderon@students.everettcc.edu (message id: 19e61c77123e2d99)
2026-05-25 20:05:24,904 [INFO] sender: Email sent to uzquiano@gmail.com (message id: 19e61d0a1a264a4e)
2026-05-25 20:15:26,965 [INFO] sender: Email sent to joshbutkovic@gmail.com (message id: 19e61d9d143f0cb8)
2026-05-25 20:25:28,534 [INFO] sender: Email sent to support@bastillion.io (message id: 19e61e2fff5495dd)
2026-05-25 20:35:30,591 [INFO] sender: Email sent to cjdierkens@gmail.com (message id: 19e61ec2e2771187)
2026-05-25 20:45:34,376 [INFO] sender: Email sent to droodoyle89@gmail.com (message id: 19e61f565c05881f)
2026-05-25 20:55:36,579 [INFO] sender: Email sent to john@jtarthur.net (message id: 19e61fe95330ccf3)
2026-05-25 21:05:38,950 [INFO] sender: Email sent to HARLEYSTRICKLAND.2@GMAIL.COM (message id: 19e6207c464260ac)
2026-05-25 21:15:41,645 [INFO] sender: Email sent to wujiahui62@gmail.com (message id: 19e6210f627bd6e6)
2026-05-25 21:25:43,760 [INFO] sender: Email sent to info@govsoft.us (message id: 19e621a28d53ed5f)
2026-05-25 21:35:45,450 [INFO] sender: Email sent to erik.krevh@verizonconnect.com (message id: 19e622356f978b45)
2026-05-25 21:45:49,017 [INFO] sender: Email sent to jminadeo@monkk.com (message id: 19e622c8d57dbe86)
2026-05-25 21:55:51,111 [INFO] sender: Email sent to joe@popolux.com (message id: 19e6235bc06976b1)
2026-05-25 22:05:53,184 [INFO] sender: Email sent to rojendcruz10@gmail.com (message id: 19e623eecb32ece3)
2026-05-25 22:15:55,747 [INFO] sender: Email sent to matthew.beargie@m.design (message id: 19e62481c15efd5b)
2026-05-25 22:25:57,802 [INFO] sender: Email sent to caronrichard13@gmail.com (message id: 19e62514c5b97309)
2026-05-25 22:35:59,924 [INFO] sender: Email sent to proimageexpert@gmail.com (message id: 19e625a7cde8186a)
2026-05-25 22:46:03,685 [INFO] sender: Email sent to nyrse335@gmail.com (message id: 19e6263b2c1b5ee5)
2026-05-25 22:56:05,767 [INFO] sender: Email sent to michael.snyder@mrisoftware.com (message id: 19e626ce389fa3c1)
2026-05-25 23:06:08,310 [INFO] sender: Email sent to jgoldstein@ggcomm.com (message id: 19e62761263268fd)
2026-05-25 23:16:08,716 [ERROR] sender: Failed to send email to rmcclellan@findawayworld.com: EOF occurred in violation of protocol (_ssl.c:2406)
2026-05-25 23:26:10,305 [INFO] sender: Email sent to wwewater90@gmail.com (message id: 19e62886c34f2b70)
2026-05-25 23:36:12,359 [INFO] sender: Email sent to emena007@ucr.edu (message id: 19e62919c4041bbc)
2026-05-25 23:46:12,653 [ERROR] sender: Failed to send email to sdel030@ucr.edu: EOF occurred in violation of protocol (_ssl.c:2406)
2026-05-25 23:56:16,403 [INFO] sender: Email sent to clubowi2@asu.edu (message id: 19e62a3fa33c94ba)
2026-05-26 00:06:18,497 [INFO] sender: Email sent to info@cysm.com (message id: 19e62ad2b2c87975)
2026-05-26 00:16:20,778 [INFO] sender: Email sent to juan@tecnologico.com (message id: 19e62b65b16500bc)
2026-05-26 00:26:22,843 [INFO] sender: Email sent to info@charlesgaragedoorrepair.com (message id: 19e62bf8a8403afe)
2026-05-26 00:36:24,971 [INFO] sender: Email sent to gregjewi@umich.edu (message id: 19e62c8bad787593)
2026-05-26 00:46:25,316 [ERROR] sender: Failed to send email to kylejtrimpe@gmail.com: EOF occurred in violation of protocol (_ssl.c:2406)
2026-05-26 00:56:25,599 [ERROR] sender: Failed to send email to mjmccaffrey@gmail.com: EOF occurred in violation of protocol (_ssl.c:2406)
2026-05-26 01:06:28,644 [INFO] sender: Email sent to jonathan.pollock@nice.com (message id: 19e62e44005f93d3)
2026-05-26 01:16:30,385 [INFO] sender: Email sent to gajender@eradani.com (message id: 19e62ed6f30762a6)
2026-05-26 01:26:32,094 [INFO] sender: Email sent to jctoledo@io-informatics.com (message id: 19e62f69c944f903)
2026-05-26 01:36:34,006 [INFO] sender: Email sent to mikedegain@live.com (message id: 19e62ffcce50625d)
2026-05-26 01:46:35,950 [INFO] sender: Email sent to mark@adroitdesign.co (message id: 19e6308fcef3f83f)
2026-05-26 01:56:37,752 [INFO] sender: Email sent to TAGarcia@ITToolshop.com (message id: 19e63122ae17fc15)
2026-05-26 02:06:41,371 [INFO] sender: Email sent to cyute77@gmail.com (message id: 19e631b60df93cb3)
2026-05-26 02:16:43,421 [INFO] sender: Email sent to acidhousefermentation@gmail.com (message id: 19e632490e966e25)
2026-05-26 02:26:45,140 [INFO] sender: Email sent to info@io-informatics.com (message id: 19e632dbe9222ede)
2026-05-26 02:36:47,108 [INFO] sender: Email sent to andrew@winnerdetroit.com (message id: 19e6336ec78b4b1d)
2026-05-26 02:46:48,888 [INFO] sender: Email sent to support@decyphercorp.com (message id: 19e63401d807929e)
2026-05-26 02:56:50,609 [INFO] sender: Email sent to daijianglee@gmail.com (message id: 19e63494a3bcf5ae)
2026-05-26 03:06:53,763 [INFO] sender: Email sent to ffronchetti@lsu.edu (message id: 19e63527fc9f8fcd)
2026-05-26 03:16:55,482 [INFO] sender: Email sent to melsorrells23@gmail.com (message id: 19e635bac64e9733)
2026-05-26 03:26:57,178 [INFO] sender: Email sent to hancock@yesthatallen.com (message id: 19e6364dac4f8710)
2026-05-26 03:36:58,890 [INFO] sender: Email sent to ahmadreza.hadi7@gmail.com (message id: 19e636e0ba704a4d)
2026-05-26 03:47:00,611 [INFO] sender: Email sent to xmaleickx@icloud.com (message id: 19e6377391674086)
2026-05-26 03:57:02,493 [INFO] sender: Email sent to ant.bikineev@gmail.com (message id: 19e6380679b19856)
2026-05-26 04:07:13,244 [INFO] sender: Email sent to souhardya.swe@gmail.com (message id: 19e6389b9d9c74ba)
2026-05-26 04:17:15,325 [INFO] sender: Email sent to james.davisphd@gmail.com (message id: 19e6392e889997d6)
2026-05-26 04:27:18,335 [INFO] sender: Email sent to jesse@electrotap.com (message id: 19e639c1cd6fd994)
2026-05-26 04:37:21,229 [INFO] sender: Email sent to aforte8@lsu.edu (message id: 19e63a54e1d1bc6a)
2026-05-26 04:47:23,473 [INFO] sender: Email sent to steven@stevenrbrandt.com (message id: 19e63ae7f6a56ff8)
2026-05-26 04:57:25,304 [INFO] sender: Email sent to me@petebrowne.com (message id: 19e63b7af937abcb)
2026-05-26 05:07:28,377 [INFO] sender: Email sent to shawnpgilroy@gmail.com (message id: 19e63c0e311b92cd)
2026-05-26 05:17:30,042 [INFO] sender: Email sent to Connorelsea@gmail.com (message id: 19e63ca1168fe929)
2026-05-26 05:27:31,656 [INFO] sender: Email sent to michal@brylinski.org (message id: 19e63d33fd55422c)
2026-05-26 05:37:32,883 [INFO] sender: Email sent to cmbankester@gmail.com (message id: 19e63dc6b47ca6bb)
2026-05-26 05:47:34,521 [INFO] sender: Email sent to me@adamculpepper.net (message id: 19e63e5983e55a2d)
2026-05-26 05:57:35,820 [INFO] sender: Email sent to zbyerly@gmail.com (message id: 19e63eec4a21a657)
2026-05-26 06:07:38,731 [INFO] sender: Email sent to chriscox@lsu.edu (message id: 19e63f7f97954ae9)
2026-05-26 06:17:40,438 [INFO] sender: Email sent to bennybroseph@gmail.com (message id: 19e6401271dd5784)
2026-05-26 06:27:42,414 [INFO] sender: Email sent to ufarooq@lsu.edu (message id: 19e640a570f8bfd6)
2026-05-26 06:37:44,246 [INFO] sender: Email sent to corey@coreymatyas.com (message id: 19e6413853cf7d1c)
2026-05-26 06:47:45,987 [INFO] sender: Email sent to sumitdhungana14@gmail.com (message id: 19e641cb2bb2aa00)
2026-05-26 06:57:47,920 [INFO] sender: Email sent to keithparent@me.com (message id: 19e6425e292e8ebe)
2026-05-26 07:07:51,188 [INFO] sender: Email sent to blake@blakebollinger.dev (message id: 19e642f16b03d69d)
2026-05-26 07:17:53,111 [INFO] sender: Email sent to pvalle6@lsu.edu (message id: 19e64384703039a8)
2026-05-26 07:27:54,937 [INFO] sender: Email sent to Smith.Neil.H@gmail.com (message id: 19e6441759a6a311)
2026-05-26 07:37:56,512 [INFO] sender: Email sent to popasquat89@gmail.com (message id: 19e644aa2f06ca99)
2026-05-26 07:47:58,247 [INFO] sender: Email sent to wahajhssn@gmail.com (message id: 19e6453d1ae35dfc)
2026-05-26 07:58:00,075 [INFO] sender: Email sent to stephen@bwlng.com (message id: 19e645d00996ea85)
2026-05-26 08:08:06,429 [INFO] sender: Email sent to rchakri25@gmail.com (message id: 19e646640d2b30b0)
2026-05-26 08:18:10,373 [INFO] sender: Email sent to gllore@lsu.edu (message id: 19e646f796c5e316)
2026-05-26 08:28:11,726 [INFO] sender: Email sent to jlee42@gmail.com (message id: 19e6478a580ac8d5)
2026-05-26 08:38:12,823 [ERROR] sender: Failed to send email to betteryourweb@gmail.com: [SSL: UNEXPECTED_EOF_WHILE_READING] EOF occurred in violation of protocol (_ssl.c:1000)
2026-05-26 08:48:12,045 [INFO] sender: Email sent to hnxcguohaoqiang2010@live.cn (message id: 19e648b007b8e8b9)
2026-05-26 08:58:13,490 [INFO] sender: Email sent to terry.shipman@gmail.com (message id: 19e64942d598874b)
2026-05-26 09:08:13,789 [ERROR] sender: Failed to send email to jared@crypto.cx: EOF occurred in violation of protocol (_ssl.c:2406)
2026-05-26 09:18:15,497 [ERROR] sender: Failed to send email to inquireryan@gmail.com: EOF occurred in violation of protocol (_ssl.c:2406)
2026-05-26 09:28:17,382 [INFO] sender: Email sent to dmarce1@tigers.lsu.edu (message id: 19e64afb24751571)
2026-05-26 09:38:19,016 [ERROR] sender: Failed to send email to dwest.netdev@gmail.com: [SSL: UNEXPECTED_EOF_WHILE_READING] EOF occurred in violation of protocol (_ssl.c:1000)
2026-05-26 09:48:20,710 [INFO] sender: Email sent to hoffmann.vanessa13@gmail.com (message id: 19e64c21017e75bd)
2026-05-26 09:58:22,596 [INFO] sender: Email sent to ncopia@lamar.com (message id: 19e64cb3e1898539)
2026-05-26 10:08:24,392 [INFO] sender: Email sent to networkninjadh@gmail.com (message id: 19e64d46f9f3e8d8)
2026-05-26 10:18:24,910 [ERROR] sender: Failed to send email to joshferrara@gmail.com: EOF occurred in violation of protocol (_ssl.c:2406)
2026-05-26 10:28:28,093 [INFO] sender: Email sent to kbarre123@gmail.com (message id: 19e64e6ca4a3c9b6)
2026-05-26 10:38:30,477 [INFO] sender: Email sent to brian.w.petroski@gmail.com (message id: 19e64effc99fa552)
2026-05-26 10:48:32,454 [INFO] sender: Email sent to justin@jhwilson.com (message id: 19e64f92d9a0581c)
2026-05-26 10:58:34,421 [INFO] sender: Email sent to jinghuage@gmail.com (message id: 19e65025a1238270)
2026-05-26 11:08:35,863 [INFO] sender: Email sent to info@alliancesafetycouncil.org (message id: 19e650b8833fe511)
2026-05-26 11:18:38,104 [INFO] sender: Email sent to zhyrohaad@bellsouth.net (message id: 19e6514b989f0047)
2026-05-26 11:28:41,255 [INFO] sender: Email sent to davec@ashesandwater.com (message id: 19e651dec1299270)
2026-05-26 11:38:43,447 [INFO] sender: Email sent to ckruszynsky@gmail.com (message id: 19e65271ccd1c3b4)
2026-05-26 11:48:45,316 [INFO] sender: Email sent to daixiongming@gmail.com (message id: 19e65304dc653794)
2026-05-26 11:58:46,794 [INFO] sender: Email sent to liangricky7@gmail.com (message id: 19e653979abb6ec8)
2026-05-26 12:08:48,602 [INFO] sender: Email sent to dr.anasmahmoud@gmail.com (message id: 19e6542a957eb740)
2026-05-26 12:18:51,662 [INFO] sender: Email sent to kaileaalee99@gmail.com (message id: 19e654bdd6cf52b6)
2026-05-26 12:28:54,802 [INFO] sender: Email sent to kayla.bobo@sus.edu (message id: 19e6555119d36548)
2026-05-26 12:38:56,804 [INFO] sender: Email sent to parandiannima2@gmail.com (message id: 19e655e3eb32ad5b)
2026-05-26 12:48:58,695 [INFO] sender: Email sent to knguy47@gmail.com (message id: 19e65676e913a98d)
2026-05-26 12:59:00,809 [INFO] sender: Email sent to NDeWitt@agcenter.lsu.edu (message id: 19e65709fcfca2c3)
2026-05-26 13:09:02,667 [INFO] sender: Email sent to lance.caraccioli@gmail.com (message id: 19e6579cc1e3272f)
2026-05-26 13:19:04,164 [INFO] sender: Email sent to rflejeune@yahoo.com (message id: 19e6582fbe86b3f1)
2026-05-26 13:29:09,610 [INFO] sender: Email sent to niteshkarki19@gmail.com (message id: 19e658c33cbfa473)
2026-05-26 13:39:11,078 [INFO] sender: Email sent to devon.bobo@sus.edu (message id: 19e659565045aa13)
2026-05-26 13:49:12,827 [INFO] sender: Email sent to adhinneupane2020@gmail.com (message id: 19e659e95080c8c0)
2026-05-26 13:59:14,725 [INFO] sender: Email sent to ovel2006@gmail.com (message id: 19e65a7c2908c3fe)
2026-05-26 14:09:16,330 [INFO] sender: Email sent to mckendon@acm.org (message id: 19e65b0f18bb78b1)
2026-05-26 14:19:18,680 [INFO] sender: Email sent to jessicalosee@gmail.com (message id: 19e65ba21eefc386)
2026-05-26 14:29:21,658 [INFO] sender: Email sent to croge32@gmail.com (message id: 19e65c3546e543f2)
2026-05-26 14:39:23,064 [INFO] sender: Email sent to pedroh_dias@hotmail.com (message id: 19e65cc82424fefc)
2026-05-26 14:49:24,834 [INFO] sender: Email sent to mcatrett@gmail.com (message id: 19e65d5b1daf6bfd)
2026-05-26 14:59:26,589 [INFO] sender: Email sent to tingthou@lsu.edu (message id: 19e65dede66a5369)
2026-05-26 15:09:28,338 [INFO] sender: Email sent to sadieforbes44@gmail.com (message id: 19e65e80ec7f0c20)
2026-05-26 15:19:29,773 [INFO] sender: Email sent to support@watchmanmonitoring.com (message id: 19e65f13a38faf25)
2026-05-26 15:29:33,041 [INFO] sender: Email sent to ajbuchanjr@gmail.com (message id: 19e65fa6e8760bea)
2026-05-26 15:39:35,069 [INFO] sender: Email sent to leopoldmarx@gmail.com (message id: 19e66039fb66f600)
2026-05-26 15:49:36,724 [INFO] sender: Email sent to yclong001@gmail.com (message id: 19e660ccc7ccb60f)
2026-05-26 15:59:38,085 [INFO] sender: Email sent to contact@noahtemplet.dev (message id: 19e6615fbb6a436f)
2026-05-26 16:09:39,472 [INFO] sender: Email sent to jtallison@lsu.edu (message id: 19e661f26d7d5fd1)
2026-05-26 16:19:40,967 [INFO] sender: Email sent to hasim.hakanoglu@gmail.com (message id: 19e66285458ff3d5)
2026-05-26 16:29:44,258 [INFO] sender: Email sent to mshirk90@gmail.com (message id: 19e6631880295322)
2026-05-26 16:39:45,632 [INFO] sender: Email sent to jacob@jacobpaulcarpenter.com (message id: 19e663ab6b0521fc)
2026-05-26 16:49:47,015 [INFO] sender: Email sent to hello@newaperio.com (message id: 19e6643e39f0d447)
2026-05-26 16:59:49,063 [INFO] sender: Email sent to beerillie@outlook.com (message id: 19e664d130067ee5)
2026-05-26 17:09:50,849 [INFO] sender: Email sent to john@morello.net (message id: 19e6656439f08865)
2026-05-26 17:19:52,601 [INFO] sender: Email sent to darrellrhodesmiller@gmail.com (message id: 19e665f7138a5be9)
2026-05-26 17:29:55,648 [INFO] sender: Email sent to rotolotaylor@gmail.com (message id: 19e6668a4f4ce42a)
2026-05-26 17:39:57,850 [INFO] sender: Email sent to wicslsu@gmail.com (message id: 19e6671d34cf64b9)
2026-05-26 17:49:59,600 [INFO] sender: Email sent to blake.prudhomme@gmail.com (message id: 19e667b0253dd5b3)
2026-05-26 18:00:01,391 [INFO] sender: Email sent to sean@chromech.com (message id: 19e668431b3fb9d6)
2026-05-26 18:10:03,275 [INFO] sender: Email sent to pfilipchyk@gmail.com (message id: 19e668d61314b70c)
2026-05-26 18:20:04,684 [INFO] sender: Email sent to visalkavinda@gmail.com (message id: 19e66968cff44fac)
2026-05-26 18:30:08,116 [INFO] sender: Email sent to jlee@frenchquarterit.com (message id: 19e669fc220491e4)
2026-05-26 18:40:09,979 [INFO] sender: Email sent to danceswithtime@gmail.com (message id: 19e66a8f10f53c6d)
2026-05-26 18:50:11,867 [INFO] sender: Email sent to spencerdnorman@gmail.com (message id: 19e66b221c5405a8)
2026-05-26 19:00:13,106 [ERROR] sender: Failed to send email to jonathan_ruppel@yahoo.com: [SSL: UNEXPECTED_EOF_WHILE_READING] EOF occurred in violation of protocol (_ssl.c:1000)
2026-05-26 19:10:15,780 [ERROR] sender: Failed to send email to lynseygwin@gmail.com: [SSL: UNEXPECTED_EOF_WHILE_READING] EOF occurred in violation of protocol (_ssl.c:1000)
2026-05-26 19:20:16,507 [ERROR] sender: Failed to send email to sethholdenrichard@gmail.com: [SSL: UNEXPECTED_EOF_WHILE_READING] EOF occurred in violation of protocol (_ssl.c:1000)
2026-05-26 19:30:17,389 [ERROR] sender: Failed to send email to jawetzel615@gmail.com: [WinError 10054] An existing connection was forcibly closed by the remote host
2026-05-26 19:40:18,304 [ERROR] sender: Failed to send email to nurjahannipa@gmail.com: [SSL: UNEXPECTED_EOF_WHILE_READING] EOF occurred in violation of protocol (_ssl.c:1000)
2026-05-26 19:50:19,252 [ERROR] sender: Failed to send email to haydh530@gmail.com: [WinError 10054] An existing connection was forcibly closed by the remote host
2026-05-26 20:00:20,177 [ERROR] sender: Failed to send email to bluereach@hotmail.com: [SSL: UNEXPECTED_EOF_WHILE_READING] EOF occurred in violation of protocol (_ssl.c:1000)
2026-05-26 20:10:21,101 [ERROR] sender: Failed to send email to briandgomez98@gmail.com: [SSL: UNEXPECTED_EOF_WHILE_READING] EOF occurred in violation of protocol (_ssl.c:1000)
2026-05-26 20:20:21,894 [ERROR] sender: Failed to send email to jaredwilliamsmail@gmail.com: [SSL: UNEXPECTED_EOF_WHILE_READING] EOF occurred in violation of protocol (_ssl.c:1000)
2026-05-26 20:30:22,768 [ERROR] sender: Failed to send email to aharon.williams@gmail.com: [SSL: UNEXPECTED_EOF_WHILE_READING] EOF occurred in violation of protocol (_ssl.c:1000)
2026-05-26 20:40:23,711 [ERROR] sender: Failed to send email to seungwonyang@gmail.com: [WinError 10054] An existing connection was forcibly closed by the remote host
2026-05-26 20:50:24,513 [ERROR] sender: Failed to send email to howard19940402@gmail.com: [SSL: UNEXPECTED_EOF_WHILE_READING] EOF occurred in violation of protocol (_ssl.c:1000)
2026-05-26 21:00:25,380 [ERROR] sender: Failed to send email to piine65@gmail.com: [WinError 10054] An existing connection was forcibly closed by the remote host
2026-05-26 21:10:26,591 [ERROR] sender: Failed to send email to dev.mwalto7@gmail.com: [WinError 10054] An existing connection was forcibly closed by the remote host
2026-05-26 21:20:27,314 [ERROR] sender: Failed to send email to digitalart@lsu.edu: [WinError 10054] An existing connection was forcibly closed by the remote host
2026-05-26 21:30:28,240 [ERROR] sender: Failed to send email to 9nonnatus@gmail.com: [SSL: UNEXPECTED_EOF_WHILE_READING] EOF occurred in violation of protocol (_ssl.c:1000)
2026-05-26 21:40:29,101 [ERROR] sender: Failed to send email to michu@microsoft.com: [SSL: UNEXPECTED_EOF_WHILE_READING] EOF occurred in violation of protocol (_ssl.c:1000)
2026-05-26 21:50:29,945 [ERROR] sender: Failed to send email to nick.d@threesixtyeight.com: [SSL: UNEXPECTED_EOF_WHILE_READING] EOF occurred in violation of protocol (_ssl.c:1000)
2026-05-26 22:00:30,931 [ERROR] sender: Failed to send email to catherine.rodriquez04@gmail.com: [SSL: UNEXPECTED_EOF_WHILE_READING] EOF occurred in violation of protocol (_ssl.c:1000)
2026-05-26 22:10:31,828 [ERROR] sender: Failed to send email to abhishekkarayala@gmail.com: [WinError 10054] An existing connection was forcibly closed by the remote host
2026-05-26 22:20:32,704 [ERROR] sender: Failed to send email to raymondlanoux@gmail.com: [WinError 10054] An existing connection was forcibly closed by the remote host
2026-05-26 22:30:33,569 [ERROR] sender: Failed to send email to ummasalma2317@gmail.com: [SSL: UNEXPECTED_EOF_WHILE_READING] EOF occurred in violation of protocol (_ssl.c:1000)
2026-05-26 22:40:34,415 [ERROR] sender: Failed to send email to adityabaisakh123@gmail.com: [SSL: UNEXPECTED_EOF_WHILE_READING] EOF occurred in violation of protocol (_ssl.c:1000)
2026-05-26 22:50:35,304 [ERROR] sender: Failed to send email to hannah.harper@la.gov: [WinError 10054] An existing connection was forcibly closed by the remote host
2026-05-26 23:00:38,553 [INFO] sender: Email sent to abhimehro@pm.me (message id: 19e6797689a42604)
2026-05-26 23:10:38,915 [ERROR] sender: Failed to send email to ksarre2@lsu.edu: EOF occurred in violation of protocol (_ssl.c:2406)
2026-05-26 23:20:40,713 [INFO] sender: Email sent to jeff.huxen@gmail.com (message id: 19e67a9c06e77e64)
2026-05-26 23:30:43,414 [INFO] sender: Email sent to vaughnohlerking@gmail.com (message id: 19e67b2f2921cdc4)
2026-05-26 23:40:45,970 [INFO] sender: Email sent to benmarceaux@gmail.com (message id: 19e67bc24a2d85bc)
2026-05-26 23:50:47,787 [INFO] sender: Email sent to mrahim6@lsu.edu (message id: 19e67c5528c36128)
2026-05-27 00:00:48,708 [ERROR] sender: Failed to send email to github@lexadams.com: EOF occurred in violation of protocol (_ssl.c:2406)
2026-05-27 00:10:51,797 [INFO] sender: Email sent to joshrcourtney@gmail.com (message id: 19e67d7b3ec6f2e9)
2026-05-27 00:20:53,607 [INFO] sender: Email sent to arborist.dudley.hartel@gmail.com (message id: 19e67e0e056eba17)
2026-05-27 00:30:55,288 [INFO] sender: Email sent to jerell.smith2@la.gov (message id: 19e67ea0e53f842a)
2026-05-27 00:40:57,202 [INFO] sender: Email sent to bstame2@lsu.edu (message id: 19e67f33dc55ddec)
2026-05-27 00:50:59,387 [INFO] sender: Email sent to slantwealth25@yahoo.com (message id: 19e67fc6e50e4538)
2026-05-27 01:01:01,254 [INFO] sender: Email sent to damondanner@gmail.com (message id: 19e68059ddd41a76)
2026-05-27 01:11:04,934 [INFO] sender: Email sent to BenjaminT.Eunice@gmail.com (message id: 19e680ed379ff50c)
2026-05-27 01:21:06,771 [INFO] sender: Email sent to bibekbastola946@gmail.com (message id: 19e681802b478c8e)
2026-05-27 01:31:08,857 [INFO] sender: Email sent to saurabh.s.patil8989@gmail.com (message id: 19e68213323badea)
2026-05-27 01:41:11,303 [INFO] sender: Email sent to jtnegrotto@gmail.com (message id: 19e682a628440217)
2026-05-27 01:51:13,132 [INFO] sender: Email sent to timking@bigkinglsu.com (message id: 19e68339223e822b)
2026-05-27 02:01:14,975 [INFO] sender: Email sent to jdolbe1@lsu.edu (message id: 19e683cc1ec82b12)
2026-05-27 02:11:17,878 [INFO] sender: Email sent to yuji@udel.edu (message id: 19e6845f448b069b)
2026-05-27 02:21:19,664 [INFO] sender: Email sent to mauscomp@live.com (message id: 19e684f231aeeab6)
2026-05-27 02:31:21,493 [INFO] sender: Email sent to sushang.thubiology@gmail.com (message id: 19e68585125b18b6)
2026-05-27 02:41:23,464 [INFO] sender: Email sent to andrewlong0101@gmail.com (message id: 19e6861812a65ee5)
2026-05-27 02:51:25,220 [INFO] sender: Email sent to luisbe090@gmail.com (message id: 19e686aaf1cab430)
2026-05-27 03:01:26,718 [INFO] sender: Email sent to kabir.muntasir@gmail.com (message id: 19e6873dcb49b056)
2026-05-27 03:11:29,730 [INFO] sender: Email sent to brian@velocity2.com (message id: 19e687d102b9512c)
2026-05-27 03:21:31,576 [INFO] sender: Email sent to sdavenport@bdgtechnologies.com (message id: 19e68863f96f3818)
2026-05-27 03:31:33,708 [INFO] sender: Email sent to alaj6625@gmail.com (message id: 19e688f6e9106fd9)
2026-05-27 03:41:35,804 [INFO] sender: Email sent to ericakrebs1@gmail.com (message id: 19e68989e6e3ee30)
2026-05-27 03:51:37,758 [INFO] sender: Email sent to everythingbarstat@gmail.com (message id: 19e68a1ce3451b4a)
2026-05-27 04:01:39,690 [INFO] sender: Email sent to jyuan4@tigers.lsu.edu (message id: 19e68aafd925ed9e)
2026-05-27 04:11:42,649 [INFO] sender: Email sent to prestonreidm@gmail.com (message id: 19e68b4315999d43)
2026-05-27 04:21:44,582 [INFO] sender: Email sent to shayna.bergeron@la.gov (message id: 19e68bd6138ef568)
2026-05-27 04:31:46,476 [INFO] sender: Email sent to cjoh513@lsu.edu (message id: 19e68c68f81035fb)
2026-05-27 04:41:48,142 [INFO] sender: Email sent to stuchenshaoming@gmail.com (message id: 19e68cfbc6730181)
2026-05-27 04:51:49,897 [INFO] sender: Email sent to michael.treadwell@interworks.com (message id: 19e68d8edf3cc190)
2026-05-27 05:01:51,662 [INFO] sender: Email sent to clairechou1112@gmail.com (message id: 19e68e21a1ed610c)
2026-05-27 05:11:55,237 [INFO] sender: Email sent to liiizleemooon@gmail.com (message id: 19e68eb4ee28d808)
2026-05-27 05:21:56,632 [INFO] sender: Email sent to blake@quicksand.tech (message id: 19e68f47df238115)
2026-05-27 05:31:58,351 [INFO] sender: Email sent to jerry@netshapers.com (message id: 19e68fdaaa7b1e3d)
2026-05-27 05:42:00,226 [INFO] sender: Email sent to brandon.gibbs@snhu.edu (message id: 19e6906dbfd2cca5)
2026-05-27 05:52:02,195 [INFO] sender: Email sent to digitalmedia@theadvocate.com (message id: 19e69100b83471c7)
2026-05-27 06:02:03,960 [INFO] sender: Email sent to git@samrazi.com (message id: 19e691938af4b8fc)
2026-05-27 06:12:07,789 [INFO] sender: Email sent to cfabre@envoc.com (message id: 19e69226e004b14f)
2026-05-27 06:22:09,507 [INFO] sender: Email sent to al.kirkland@la.gov (message id: 19e692b9d7aac457)
2026-05-27 06:32:11,435 [INFO] sender: Email sent to info@kloutkast.com (message id: 19e6934ccede5d85)
2026-05-27 06:42:13,060 [INFO] sender: Email sent to stewartsorrells2@gmail.com (message id: 19e693dfafce9b00)
2026-05-27 06:52:14,948 [INFO] sender: Email sent to hmyr12@yahoo.com (message id: 19e69472b4c3febd)
2026-05-27 07:02:16,991 [INFO] sender: Email sent to strammell@fhfgbr.org (message id: 19e6950598edd384)
2026-05-27 07:12:20,357 [INFO] sender: Email sent to reggie.willoughby@student.ashford.edu (message id: 19e69598f00dca5d)
2026-05-27 07:22:22,319 [INFO] sender: Email sent to shipman2t@gmail.com (message id: 19e6962bdd4d37a2)
2026-05-27 07:32:23,791 [INFO] sender: Email sent to joshua@lumex-solutions.com (message id: 19e696bea719303c)
2026-05-27 07:56:03,342 [ERROR] sender: Failed to send email to cdwira1@lsu.edu: EOF occurred in violation of protocol (_ssl.c:2406)
2026-05-27 08:06:05,031 [INFO] sender: Email sent to deskaygraphics@gmail.com (message id: 19e698ac2dd803e6)
2026-05-27 08:16:05,335 [ERROR] sender: Failed to send email to lmorg26@lsu.edu: EOF occurred in violation of protocol (_ssl.c:2406)
2026-05-27 08:26:08,444 [INFO] sender: Email sent to Omar.Badat@la.gov (message id: 19e699d1f4ac6b49)
2026-05-27 08:36:10,245 [INFO] sender: Email sent to tech@mallardbay.com (message id: 19e69a64d259d1f7)
2026-05-27 08:46:12,405 [INFO] sender: Email sent to dineepthomaslsu@gmail.com (message id: 19e69af7db994c43)
2026-05-27 08:56:14,335 [INFO] sender: Email sent to anishchand7@gmail.com (message id: 19e69b8accb8e6bd)
2026-05-27 09:06:12,102 [ERROR] sender: Failed to send email to kylepmanuel@gmail.com: EOF occurred in violation of protocol (_ssl.c:2406)
2026-05-27 09:16:14,119 [INFO] sender: Email sent to hello@thefuturesfund.org (message id: 19e69cb067032a22)
2026-05-27 09:26:14,671 [ERROR] sender: Failed to send email to danielrnichols63@gmail.com: EOF occurred in violation of protocol (_ssl.c:2406)
2026-05-27 09:36:16,507 [ERROR] sender: Failed to send email to maubanel@cct.lsu.edu: EOF occurred in violation of protocol (_ssl.c:2406)
2026-05-27 09:46:34,272 [INFO] sender: Email sent to bcollier.work@gmail.com (message id: 19e69e6cc1a4de31)
2026-05-27 09:56:36,244 [INFO] sender: Email sent to freeelectrontechnology@gmail.com (message id: 19e69effd08018f4)
2026-05-27 10:06:38,583 [INFO] sender: Email sent to taylorpdavis94@gmail.com (message id: 19e69f92cde59c62)
2026-05-27 10:16:40,548 [INFO] sender: Email sent to zhangk430@gmail.com (message id: 19e6a025c8b62bc1)
2026-05-27 10:26:42,530 [INFO] sender: Email sent to it@ccalouisiana.com (message id: 19e6a0b8acb23ba7)
2026-05-27 10:36:42,903 [ERROR] sender: Failed to send email to iamckchaudhary@gmail.com: EOF occurred in violation of protocol (_ssl.c:2406)
2026-05-27 10:46:47,165 [INFO] sender: Email sent to andrerg01@gmail.com (message id: 19e6a1ded3655745)
2026-05-27 10:56:48,931 [INFO] sender: Email sent to jhodg13@lsu.edu (message id: 19e6a271ba79b546)
2026-05-27 11:06:50,325 [INFO] sender: Email sent to aubrey.robillard95@gmail.com (message id: 19e6a3048a155410)
2026-05-27 11:16:50,975 [ERROR] sender: Failed to send email to kevin.cruz@pbstudents.com: EOF occurred in violation of protocol (_ssl.c:2406)
2026-05-27 11:26:52,892 [INFO] sender: Email sent to jay.todtenbier@rtsadventures.com (message id: 19e6a42a3e7ec762)
2026-05-27 11:36:54,846 [INFO] sender: Email sent to elizabeth.simino@la.gov (message id: 19e6a4bd06bfd426)
2026-05-27 11:46:55,377 [ERROR] sender: Failed to send email to jvanscot@lsu.edu: EOF occurred in violation of protocol (_ssl.c:2406)
2026-05-27 11:56:59,304 [INFO] sender: Email sent to hunterfant@gmail.com (message id: 19e6a5e33d622536)
2026-05-27 12:07:01,213 [INFO] sender: Email sent to services@localmed.com (message id: 19e6a6761df06f4a)
2026-05-27 12:17:03,297 [INFO] sender: Email sent to hello@clearbluedesign.com (message id: 19e6a7091f120db3)
2026-05-27 12:27:04,972 [INFO] sender: Email sent to art.barrios@outlook.com (message id: 19e6a79be38a69ee)
2026-05-27 12:37:06,721 [INFO] sender: Email sent to Keith.Mills@lsu.edu (message id: 19e6a82ec51ff050)
2026-05-27 12:47:08,524 [INFO] sender: Email sent to Rachel.Pitcher@LA.GOV (message id: 19e6a8c1dcea537d)
2026-05-27 12:57:12,893 [INFO] sender: Email sent to followthewhiterabit93@gmail.com (message id: 19e6a955533892ce)
2026-05-27 13:07:14,402 [INFO] sender: Email sent to ochoabrito@google.com (message id: 19e6a9e825e88087)
2026-05-27 13:17:16,534 [INFO] sender: Email sent to kifayath.buet@gmail.com (message id: 19e6aa7b3b153ad6)
2026-05-27 13:27:18,416 [INFO] sender: Email sent to fitterj@gmail.com (message id: 19e6ab0e38d7bb8f)
2026-05-27 13:37:20,374 [INFO] sender: Email sent to ritik.pokharel21@gmail.com (message id: 19e6aba11b40c303)
2026-05-27 13:47:22,361 [INFO] sender: Email sent to som.bec05@gmail.com (message id: 19e6ac34132f9990)
2026-05-27 13:57:25,618 [INFO] sender: Email sent to shirlzinciamllc@gmail.com (message id: 19e6acc7413ecd4c)
2026-05-27 14:07:27,790 [INFO] sender: Email sent to kyle@ssibtr.com (message id: 19e6ad5a40ac77a5)
2026-05-27 14:17:29,197 [INFO] sender: Email sent to nathan.cunningham@la.gov (message id: 19e6aded3ce3f837)
2026-05-27 14:27:38,112 [INFO] sender: Email sent to andrew@weareorigin.com (message id: 19e6ae81dd363ce2)
2026-05-27 14:37:39,846 [INFO] sender: Email sent to gregorypstpierre@gmail.com (message id: 19e6af14ab5b9eb8)
2026-05-27 14:47:41,636 [INFO] sender: Email sent to kristen@voila-interactive.com (message id: 19e6afa7a6039bb7)
2026-05-27 14:57:44,588 [INFO] sender: Email sent to tlee44@lsu.edu (message id: 19e6b03ac1318d10)
2026-05-27 15:07:46,738 [INFO] sender: Email sent to info@feenxgames.com (message id: 19e6b0cdcf23d561)
2026-05-27 15:17:48,823 [INFO] sender: Email sent to rankanywheresocial@gmail.com (message id: 19e6b160c322de7b)
2026-05-27 15:27:51,994 [INFO] sender: Email sent to adrianoden@gmail.com (message id: 19e6b1f3f5262af9)
2026-05-27 15:37:54,218 [INFO] sender: Email sent to ann@wrkf.org (message id: 19e6b287052166ca)
2026-05-27 15:47:56,346 [INFO] sender: Email sent to grimlogick@3nigmabredmusic.com (message id: 19e6b31a1365fea8)
2026-05-27 15:57:59,178 [INFO] sender: Email sent to wilkes_wesley@yahoo.com (message id: 19e6b3ad51b5aa29)
2026-05-27 16:08:01,471 [INFO] sender: Email sent to davidmcwhorter@gmail.com (message id: 19e6b4405d464c5b)
2026-05-27 16:18:03,595 [INFO] sender: Email sent to Sharilyn.Farris@la.gov (message id: 19e6b4d35683825d)
2026-05-27 16:28:05,383 [INFO] sender: Email sent to info@christcoins.io (message id: 19e6b5663a0138f5)
2026-05-27 16:38:06,833 [INFO] sender: Email sent to mjennings@alvarezandmarsal.com (message id: 19e6b5f916019c9a)
2026-05-27 16:48:08,281 [INFO] sender: Email sent to lsucodedojo@gmail.com (message id: 19e6b68be0876771)
2026-05-27 16:58:11,197 [INFO] sender: Email sent to cody.cifelli@gmail.com (message id: 19e6b71f0b7b4e52)
2026-05-27 17:08:12,545 [INFO] sender: Email sent to browndw@uamont.edu (message id: 19e6b7b1fea9f83a)
2026-05-27 17:18:14,025 [INFO] sender: Email sent to drkong@cox.net (message id: 19e6b844badd6d6b)
2026-05-27 17:28:15,734 [INFO] sender: Email sent to ssharrer@sharevista.com (message id: 19e6b8d7a1686bd1)
2026-05-27 17:38:17,448 [INFO] sender: Email sent to noah.templet@eisneramper.com (message id: 19e6b96a821ee84d)
2026-05-27 17:48:19,558 [INFO] sender: Email sent to joebfaulkner@gmail.com (message id: 19e6b9fd697f6dfc)
2026-05-27 17:58:22,532 [INFO] sender: Email sent to joseph.franklin@sus.edu (message id: 19e6ba90b10cc592)
2026-05-27 18:08:24,414 [INFO] sender: Email sent to MMelancon@DentalIntel.com (message id: 19e6bb23afeec975)
2026-05-27 18:18:25,867 [INFO] sender: Email sent to zachary.burchfield@integer-tech.com (message id: 19e6bbb6665cae3e)
2026-05-27 18:28:27,550 [INFO] sender: Email sent to dmarks2@lsu.edu (message id: 19e6bc4970d775c6)
2026-05-27 18:38:29,687 [INFO] sender: Email sent to Taylor@evisive.com (message id: 19e6bcdc55dbb522)
2026-05-27 18:48:32,148 [INFO] sender: Email sent to info@homeislouisiana.com (message id: 19e6bd6f6e5043cf)
2026-05-27 18:58:35,750 [INFO] sender: Email sent to j.chase.f@gmail.com (message id: 19e6be02c62fe267)
2026-05-27 19:08:37,806 [INFO] sender: Email sent to sschoonmaker@catholichigh.org (message id: 19e6be95d89d8ded)
2026-05-27 19:18:39,877 [INFO] sender: Email sent to choselle@gmail.com (message id: 19e6bf28ca3c0377)
2026-05-27 19:28:41,322 [INFO] sender: Email sent to ale41@lsu.edu (message id: 19e6bfbb92e0f3c9)
2026-05-27 19:38:42,988 [INFO] sender: Email sent to shubeksha.acharya@gmail.com (message id: 19e6c04e9f91bbf6)
2026-05-27 19:48:44,663 [INFO] sender: Email sent to allen.battles@gmail.com (message id: 19e6c0e167f60ca7)
2026-05-27 19:58:47,248 [INFO] sender: Email sent to iamluckytobetom@gmail.com (message id: 19e6c17489ff7ed4)
2026-05-27 20:08:49,481 [ERROR] sender: Failed to send email to hello@grabit.delivery: [SSL: UNEXPECTED_EOF_WHILE_READING] EOF occurred in violation of protocol (_ssl.c:1000)
2026-05-27 20:18:50,185 [ERROR] sender: Failed to send email to chrishill2@bears.mybrcc.edu: [SSL: UNEXPECTED_EOF_WHILE_READING] EOF occurred in violation of protocol (_ssl.c:1000)
2026-05-27 20:28:50,926 [ERROR] sender: Failed to send email to stevenward94@gmail.com: [SSL: UNEXPECTED_EOF_WHILE_READING] EOF occurred in violation of protocol (_ssl.c:1000)
2026-05-27 20:38:52,618 [ERROR] sender: Failed to send email to david.williams34@va.gov: [SSL: UNEXPECTED_EOF_WHILE_READING] EOF occurred in violation of protocol (_ssl.c:1000)
2026-05-27 20:48:53,358 [ERROR] sender: Failed to send email to info@techflavor.com: [SSL: UNEXPECTED_EOF_WHILE_READING] EOF occurred in violation of protocol (_ssl.c:1000)
2026-05-27 20:58:54,218 [ERROR] sender: Failed to send email to info@raphaelalaurean.com: [SSL: UNEXPECTED_EOF_WHILE_READING] EOF occurred in violation of protocol (_ssl.c:1000)
2026-05-27 21:08:54,961 [ERROR] sender: Failed to send email to eng@primeoccmed.com: [SSL: UNEXPECTED_EOF_WHILE_READING] EOF occurred in violation of protocol (_ssl.c:1000)
2026-05-27 21:18:55,724 [ERROR] sender: Failed to send email to andrew@whatsmypart.co: [SSL: UNEXPECTED_EOF_WHILE_READING] EOF occurred in violation of protocol (_ssl.c:1000)
2026-05-27 21:28:56,579 [ERROR] sender: Failed to send email to ldesse1@gmail.com: [WinError 10054] An existing connection was forcibly closed by the remote host
2026-05-27 21:38:57,468 [ERROR] sender: Failed to send email to John.Bostic@la.gov: [SSL: UNEXPECTED_EOF_WHILE_READING] EOF occurred in violation of protocol (_ssl.c:1000)
2026-05-27 21:48:58,188 [ERROR] sender: Failed to send email to wdupree@hotmail.com: [SSL: UNEXPECTED_EOF_WHILE_READING] EOF occurred in violation of protocol (_ssl.c:1000)
2026-05-27 21:58:58,907 [ERROR] sender: Failed to send email to arun.adhikari@la.gov: [WinError 10054] An existing connection was forcibly closed by the remote host
2026-05-27 22:08:59,672 [ERROR] sender: Failed to send email to mail@jaredbourgeois.com: [WinError 10054] An existing connection was forcibly closed by the remote host
2026-05-27 22:19:00,530 [ERROR] sender: Failed to send email to gsimon@lamar.com: [WinError 10054] An existing connection was forcibly closed by the remote host
2026-05-27 22:29:01,271 [ERROR] sender: Failed to send email to goingup@elevator3.com: [SSL: UNEXPECTED_EOF_WHILE_READING] EOF occurred in violation of protocol (_ssl.c:1000)
2026-05-27 22:39:01,999 [ERROR] sender: Failed to send email to buzzhilborn@gmail.com: [WinError 10054] An existing connection was forcibly closed by the remote host
2026-05-27 22:49:02,731 [ERROR] sender: Failed to send email to ljang@lamar.com: [SSL: UNEXPECTED_EOF_WHILE_READING] EOF occurred in violation of protocol (_ssl.c:1000)
2026-05-27 22:59:03,479 [ERROR] sender: Failed to send email to jamesjmadden@gmail.com: [WinError 10054] An existing connection was forcibly closed by the remote host
2026-05-27 23:09:04,190 [ERROR] sender: Failed to send email to beau@geauxcoders.com: [SSL: UNEXPECTED_EOF_WHILE_READING] EOF occurred in violation of protocol (_ssl.c:1000)
2026-05-27 23:19:04,894 [ERROR] sender: Failed to send email to snunoz2@lsu.edu: [WinError 10054] An existing connection was forcibly closed by the remote host
2026-05-27 23:29:05,657 [ERROR] sender: Failed to send email to 2026.llc.business@gmail.com: [WinError 10054] An existing connection was forcibly closed by the remote host
2026-05-27 23:39:06,498 [ERROR] sender: Failed to send email to rhynes@lsu.edu: [SSL: UNEXPECTED_EOF_WHILE_READING] EOF occurred in violation of protocol (_ssl.c:1000)
2026-05-27 23:49:07,238 [ERROR] sender: Failed to send email to hello@typeimage.com: [SSL: UNEXPECTED_EOF_WHILE_READING] EOF occurred in violation of protocol (_ssl.c:1000)
2026-05-27 23:59:08,003 [ERROR] sender: Failed to send email to jgill39@lsu.edu: [WinError 10054] An existing connection was forcibly closed by the remote host
2026-05-28 00:09:08,940 [ERROR] sender: Failed to send email to tranettea.williams@la.gov: [WinError 10054] An existing connection was forcibly closed by the remote host
2026-05-28 00:19:09,670 [ERROR] sender: Failed to send email to compugeaux@compugeaux.com: [WinError 10054] An existing connection was forcibly closed by the remote host
2026-05-28 00:29:10,538 [ERROR] sender: Failed to send email to kammerdiener@lsu.edu: [SSL: UNEXPECTED_EOF_WHILE_READING] EOF occurred in violation of protocol (_ssl.c:1000)
2026-05-28 00:39:11,271 [ERROR] sender: Failed to send email to contact@articleandthread.com: [WinError 10054] An existing connection was forcibly closed by the remote host
2026-05-28 00:49:12,151 [ERROR] sender: Failed to send email to ramsudhakar@gmail.com: [SSL: UNEXPECTED_EOF_WHILE_READING] EOF occurred in violation of protocol (_ssl.c:1000)
2026-05-28 00:59:12,916 [ERROR] sender: Failed to send email to ricopotokeypop@gmail.com: [SSL: UNEXPECTED_EOF_WHILE_READING] EOF occurred in violation of protocol (_ssl.c:1000)
2026-05-28 01:09:13,686 [ERROR] sender: Failed to send email to julian.devillier@gmail.com: [WinError 10054] An existing connection was forcibly closed by the remote host
2026-05-28 01:19:14,379 [ERROR] sender: Failed to send email to tshwanna.littles@gmail.com: [WinError 10054] An existing connection was forcibly closed by the remote host
2026-05-28 01:29:15,099 [ERROR] sender: Failed to send email to designteam@worldeoflegends.com: [SSL: UNEXPECTED_EOF_WHILE_READING] EOF occurred in violation of protocol (_ssl.c:1000)
2026-05-28 01:39:16,130 [ERROR] sender: Failed to send email to jasminemyles202024@gmail.com: [SSL: UNEXPECTED_EOF_WHILE_READING] EOF occurred in violation of protocol (_ssl.c:1000)
2026-05-28 01:49:19,871 [INFO] sender: Email sent to baharmon@lsu.edu (message id: 19e6d5835760eaa4)
2026-05-28 01:59:22,417 [INFO] sender: Email sent to et.lang225@gmail.com (message id: 19e6d616486330f6)
2026-05-28 02:09:24,715 [INFO] sender: Email sent to kadecooper@gmail.com (message id: 19e6d6a97f3cdb24)
2026-05-28 02:19:26,394 [INFO] sender: Email sent to info@velocity2.com (message id: 19e6d73c58026b94)
2026-05-28 02:29:28,178 [INFO] sender: Email sent to maurice@infiniteinnovationsllc.com (message id: 19e6d7cf3b5df7ab)
2026-05-28 02:39:30,838 [INFO] sender: Email sent to samdfrie@gmail.com (message id: 19e6d8622c68cc93)
2026-05-28 02:49:34,384 [INFO] sender: Email sent to firstkeycreations@yahoo.com (message id: 19e6d8f5a3459a76)
2026-05-28 02:59:36,337 [INFO] sender: Email sent to nbryan5@lsu.edu (message id: 19e6d988b7c1cdcb)
2026-05-28 03:09:38,526 [INFO] sender: Email sent to Rajkumar.Deshineni@la.gov (message id: 19e6da1bb6691d0e)
2026-05-28 03:19:40,399 [INFO] sender: Email sent to kuczekmadison@gmail.com (message id: 19e6daae95394849)
2026-05-28 03:29:41,939 [INFO] sender: Email sent to George.A.Spears225@gmail.com (message id: 19e6db41654bc0cf)
2026-05-28 03:39:43,392 [INFO] sender: Email sent to jahnavi21abc@gmail.com (message id: 19e6dbd45ee2db81)
2026-05-28 03:49:47,639 [INFO] sender: Email sent to mike@mikehelms.org (message id: 19e6dc67c890401b)
2026-05-28 03:59:50,904 [INFO] sender: Email sent to jailynbrimidge@icloud.com (message id: 19e6dcfac2e64bf8)
2026-05-28 04:09:54,048 [INFO] sender: Email sent to ttaguc2@lsu.edu (message id: 19e6dd8e55c767c7)
2026-05-28 04:19:55,826 [INFO] sender: Email sent to julee@blumbergassoc.com (message id: 19e6de213b092709)
2026-05-28 04:29:57,608 [INFO] sender: Email sent to nlord@lsu.edu (message id: 19e6deb42b9470c7)
2026-05-28 04:39:59,367 [INFO] sender: Email sent to jessiesubr@yahoo.com (message id: 19e6df4705d9c0a4)
2026-05-28 04:50:02,051 [INFO] sender: Email sent to sarahreedla@gmail.com (message id: 19e6dfda3cd068d6)
2026-05-28 05:00:04,216 [INFO] sender: Email sent to neworleans3195@yahoo.com (message id: 19e6e06d2e98cca8)
2026-05-28 05:10:05,974 [INFO] sender: Email sent to kgshutt@cox.net (message id: 19e6e1001296d721)
2026-05-28 05:20:07,776 [INFO] sender: Email sent to rpatra1@lsu.edu (message id: 19e6e1930eba5d7f)
2026-05-28 05:30:09,656 [INFO] sender: Email sent to tanaka.mazivanhanga@ibm.com (message id: 19e6e225fe6af1bc)
2026-05-28 05:40:11,334 [INFO] sender: Email sent to misbah.hoque.cse@gmail.com (message id: 19e6e2b8c57daeb9)
2026-05-28 05:50:14,410 [INFO] sender: Email sent to mbrooks@utilistar.com (message id: 19e6e34c1bbcacbe)
2026-05-28 06:00:16,097 [INFO] sender: Email sent to chris@velocity2.com (message id: 19e6e3deed77869e)
2026-05-28 06:10:17,920 [INFO] sender: Email sent to mercedestate7217@gmail.com (message id: 19e6e471f0e7121d)
2026-05-28 06:20:19,673 [INFO] sender: Email sent to pial.3278@gmail.com (message id: 19e6e504de7b0d16)
2026-05-28 06:30:21,681 [INFO] sender: Email sent to info@skilltype.com (message id: 19e6e597c4cdef95)
2026-05-28 06:40:24,495 [INFO] sender: Email sent to sparxmith@gmail.com (message id: 19e6e62adb84e148)
2026-05-28 06:50:27,371 [INFO] sender: Email sent to wilkinsonsw@yahoo.com (message id: 19e6e6be26d99aaf)
2026-05-28 07:00:29,333 [INFO] sender: Email sent to ctravend@gmail.com (message id: 19e6e7511f1b9935)
2026-05-28 07:10:31,147 [INFO] sender: Email sent to wongsteven11@gmail.com (message id: 19e6e7e41418bf70)
2026-05-28 07:20:32,886 [INFO] sender: Email sent to rmosch1@lsu.edu (message id: 19e6e876e7045b11)
2026-05-28 07:30:34,716 [INFO] sender: Email sent to breadwunda@gmail.com (message id: 19e6e909d8fbe26d)
2026-05-28 07:40:36,512 [INFO] sender: Email sent to developer@impressionworks.net (message id: 19e6e99cd7b20e71)
2026-05-28 07:50:40,876 [INFO] sender: Email sent to info@trisine.com (message id: 19e6ea305ae9b7be)
2026-05-28 08:00:42,409 [INFO] sender: Email sent to jlassere@180pros.com (message id: 19e6eac32e10fa8d)
2026-05-28 08:10:44,720 [INFO] sender: Email sent to joseph.mixon@la.gov (message id: 19e6eb563e9a3e70)
2026-05-28 08:20:48,685 [INFO] sender: Email sent to Love777mandy@gmail.com (message id: 19e6ebe9a70b97e6)
2026-05-28 08:30:50,715 [INFO] sender: Email sent to mike.king@sophos.com (message id: 19e6ec7ca6285382)
