❌ Failed: github@lexadams.com — 00:00:48
✅ Sent to joshrcourtney@gmail.com — 00:10:51
✅ Sent to arborist.dudley.hartel@gmail.com — 00:20:53
✅ Sent to jerell.smith2@la.gov — 00:30:55
✅ Sent to bstame2@lsu.edu — 00:40:57
✅ Sent to slantwealth25@yahoo.com — 00:50:59
✅ Sent to damondanner@gmail.com — 01:01:01
✅ Sent to BenjaminT.Eunice@gmail.com — 01:11:04
✅ Sent to bibekbastola946@gmail.com — 01:21:06
✅ Sent to saurabh.s.patil8989@gmail.com — 01:31:08
✅ Sent to jtnegrotto@gmail.com — 01:41:11
✅ Sent to timking@bigkinglsu.com — 01:51:13
✅ Sent to jdolbe1@lsu.edu — 02:01:14
✅ Sent to yuji@udel.edu — 02:11:17
✅ Sent to mauscomp@live.com — 02:21:19
✅ Sent to sushang.thubiology@gmail.com — 02:31:21
✅ Sent to andrewlong0101@gmail.com — 02:41:23
✅ Sent to luisbe090@gmail.com — 02:51:25
✅ Sent to kabir.muntasir@gmail.com — 03:01:26
✅ Sent to brian@velocity2.com — 03:11:29
✅ Sent to sdavenport@bdgtechnologies.com — 03:21:31
✅ Sent to alaj6625@gmail.com — 03:31:33
✅ Sent to ericakrebs1@gmail.com — 03:41:35
✅ Sent to everythingbarstat@gmail.com — 03:51:37
✅ Sent to jyuan4@tigers.lsu.edu — 04:01:39
✅ Sent to prestonreidm@gmail.com — 04:11:42
✅ Sent to shayna.bergeron@la.gov — 04:21:44
✅ Sent to cjoh513@lsu.edu — 04:31:46
✅ Sent to stuchenshaoming@gmail.com — 04:41:48
✅ Sent to michael.treadwell@interworks.com — 04:51:49
✅ Sent to clairechou1112@gmail.com — 05:01:51
✅ Sent to liiizleemooon@gmail.com — 05:11:55
✅ Sent to blake@quicksand.tech — 05:21:56
✅ Sent to jerry@netshapers.com — 05:31:58
✅ Sent to brandon.gibbs@snhu.edu — 05:42:00
✅ Sent to digitalmedia@theadvocate.com — 05:52:02
✅ Sent to git@samrazi.com — 06:02:03
✅ Sent to cfabre@envoc.com — 06:12:07
✅ Sent to al.kirkland@la.gov — 06:22:09
✅ Sent to info@kloutkast.com — 06:32:11
✅ Sent to stewartsorrells2@gmail.com — 06:42:13
✅ Sent to hmyr12@yahoo.com — 06:52:14
✅ Sent to strammell@fhfgbr.org — 07:02:16
✅ Sent to reggie.willoughby@student.ashford.edu — 07:12:20
✅ Sent to shipman2t@gmail.com — 07:22:22
✅ Sent to joshua@lumex-solutions.com — 07:32:23
Paused at 235/388.
Sending resumed.
❌ Failed: cdwira1@lsu.edu — 07:56:03
✅ Sent to deskaygraphics@gmail.com — 08:06:05
❌ Failed: lmorg26@lsu.edu — 08:16:05
✅ Sent to Omar.Badat@la.gov — 08:26:08
✅ Sent to tech@mallardbay.com — 08:36:10
✅ Sent to dineepthomaslsu@gmail.com — 08:46:12
✅ Sent to anishchand7@gmail.com — 08:56:14
❌ Failed: kylepmanuel@gmail.com — 09:06:12
✅ Sent to hello@thefuturesfund.org — 09:16:14
❌ Failed: danielrnichols63@gmail.com — 09:26:14
❌ Failed: maubanel@cct.lsu.edu — 09:36:16
✅ Sent to bcollier.work@gmail.com — 09:46:34
✅ Sent to freeelectrontechnology@gmail.com — 09:56:36
✅ Sent to taylorpdavis94@gmail.com — 10:06:38
✅ Sent to zhangk430@gmail.com — 10:16:40
✅ Sent to it@ccalouisiana.com — 10:26:42
❌ Failed: iamckchaudhary@gmail.com — 10:36:42
✅ Sent to andrerg01@gmail.com — 10:46:47
✅ Sent to jhodg13@lsu.edu — 10:56:48
✅ Sent to aubrey.robillard95@gmail.com — 11:06:50
❌ Failed: kevin.cruz@pbstudents.com — 11:16:50
✅ Sent to jay.todtenbier@rtsadventures.com — 11:26:52
✅ Sent to elizabeth.simino@la.gov — 11:36:54
❌ Failed: jvanscot@lsu.edu — 11:46:55
✅ Sent to hunterfant@gmail.com — 11:56:59
✅ Sent to services@localmed.com — 12:07:01
✅ Sent to hello@clearbluedesign.com — 12:17:03
✅ Sent to art.barrios@outlook.com — 12:27:04
✅ Sent to Keith.Mills@lsu.edu — 12:37:06
✅ Sent to Rachel.Pitcher@LA.GOV — 12:47:08
✅ Sent to followthewhiterabit93@gmail.com — 12:57:12
✅ Sent to ochoabrito@google.com — 13:07:14
✅ Sent to kifayath.buet@gmail.com — 13:17:16
✅ Sent to fitterj@gmail.com — 13:27:18
✅ Sent to ritik.pokharel21@gmail.com — 13:37:20
✅ Sent to som.bec05@gmail.com — 13:47:22
✅ Sent to shirlzinciamllc@gmail.com — 13:57:25
✅ Sent to kyle@ssibtr.com — 14:07:27
✅ Sent to nathan.cunningham@la.gov — 14:17:29
✅ Sent to andrew@weareorigin.com — 14:27:38
✅ Sent to gregorypstpierre@gmail.com — 14:37:39
✅ Sent to kristen@voila-interactive.com — 14:47:41
✅ Sent to tlee44@lsu.edu — 14:57:44
✅ Sent to info@feenxgames.com — 15:07:46
✅ Sent to rankanywheresocial@gmail.com — 15:17:48
✅ Sent to adrianoden@gmail.com — 15:27:51
✅ Sent to ann@wrkf.org — 15:37:54
✅ Sent to grimlogick@3nigmabredmusic.com — 15:47:56
✅ Sent to wilkes_wesley@yahoo.com — 15:57:59
✅ Sent to davidmcwhorter@gmail.com — 16:08:01
✅ Sent to Sharilyn.Farris@la.gov — 16:18:03
✅ Sent to info@christcoins.io — 16:28:05
✅ Sent to mjennings@alvarezandmarsal.com — 16:38:06
✅ Sent to lsucodedojo@gmail.com — 16:48:08
✅ Sent to cody.cifelli@gmail.com — 16:58:11
✅ Sent to browndw@uamont.edu — 17:08:12
✅ Sent to drkong@cox.net — 17:18:14
✅ Sent to ssharrer@sharevista.com — 17:28:15
✅ Sent to noah.templet@eisneramper.com — 17:38:17
✅ Sent to joebfaulkner@gmail.com — 17:48:19
✅ Sent to joseph.franklin@sus.edu — 17:58:22
✅ Sent to MMelancon@DentalIntel.com — 18:08:24
✅ Sent to zachary.burchfield@integer-tech.com — 18:18:25
✅ Sent to dmarks2@lsu.edu — 18:28:27
✅ Sent to Taylor@evisive.com — 18:38:29
✅ Sent to info@homeislouisiana.com — 18:48:32
✅ Sent to j.chase.f@gmail.com — 18:58:35
✅ Sent to sschoonmaker@catholichigh.org — 19:08:37
✅ Sent to choselle@gmail.com — 19:18:39
✅ Sent to ale41@lsu.edu — 19:28:41
✅ Sent to shubeksha.acharya@gmail.com — 19:38:42
✅ Sent to allen.battles@gmail.com — 19:48:44
✅ Sent to iamluckytobetom@gmail.com — 19:58:47
❌ Failed: hello@grabit.delivery — 20:08:49
❌ Failed: chrishill2@bears.mybrcc.edu — 20:18:50
❌ Failed: stevenward94@gmail.com — 20:28:50
❌ Failed: david.williams34@va.gov — 20:38:52
❌ Failed: info@techflavor.com — 20:48:53
❌ Failed: info@raphaelalaurean.com — 20:58:54
❌ Failed: eng@primeoccmed.com — 21:08:54
❌ Failed: andrew@whatsmypart.co — 21:18:55
❌ Failed: ldesse1@gmail.com — 21:28:56
❌ Failed: John.Bostic@la.gov — 21:38:57
❌ Failed: wdupree@hotmail.com — 21:48:58
❌ Failed: arun.adhikari@la.gov — 21:58:58
❌ Failed: mail@jaredbourgeois.com — 22:08:59
❌ Failed: gsimon@lamar.com — 22:19:00
❌ Failed: goingup@elevator3.com — 22:29:01
❌ Failed: buzzhilborn@gmail.com — 22:39:01
❌ Failed: ljang@lamar.com — 22:49:02
❌ Failed: jamesjmadden@gmail.com — 22:59:03
❌ Failed: beau@geauxcoders.com — 23:09:04
❌ Failed: snunoz2@lsu.edu — 23:19:04
❌ Failed: 2026.llc.business@gmail.com — 23:29:05
❌ Failed: rhynes@lsu.edu — 23:39:06
❌ Failed: hello@typeimage.com — 23:49:07
❌ Failed: jgill39@lsu.edu — 23:59:08
