✅ Sent to info@cysm.com — 00:06:18
✅ Sent to juan@tecnologico.com — 00:16:20
✅ Sent to info@charlesgaragedoorrepair.com — 00:26:22
✅ Sent to gregjewi@umich.edu — 00:36:24
❌ Failed: kylejtrimpe@gmail.com — 00:46:25
❌ Failed: mjmccaffrey@gmail.com — 00:56:25
✅ Sent to jonathan.pollock@nice.com — 01:06:28
✅ Sent to gajender@eradani.com — 01:16:30
✅ Sent to jctoledo@io-informatics.com — 01:26:32
✅ Sent to mikedegain@live.com — 01:36:34
✅ Sent to mark@adroitdesign.co — 01:46:35
✅ Sent to TAGarcia@ITToolshop.com — 01:56:37
✅ Sent to cyute77@gmail.com — 02:06:41
✅ Sent to acidhousefermentation@gmail.com — 02:16:43
✅ Sent to info@io-informatics.com — 02:26:45
✅ Sent to andrew@winnerdetroit.com — 02:36:47
✅ Sent to support@decyphercorp.com — 02:46:48
✅ Sent to daijianglee@gmail.com — 02:56:50
✅ Sent to ffronchetti@lsu.edu — 03:06:53
✅ Sent to melsorrells23@gmail.com — 03:16:55
✅ Sent to hancock@yesthatallen.com — 03:26:57
✅ Sent to ahmadreza.hadi7@gmail.com — 03:36:58
✅ Sent to xmaleickx@icloud.com — 03:47:00
✅ Sent to ant.bikineev@gmail.com — 03:57:02
Paused at 70/388.
Sending resumed.
✅ Sent to souhardya.swe@gmail.com — 04:07:13
✅ Sent to james.davisphd@gmail.com — 04:17:15
✅ Sent to jesse@electrotap.com — 04:27:18
✅ Sent to aforte8@lsu.edu — 04:37:21
✅ Sent to steven@stevenrbrandt.com — 04:47:23
✅ Sent to me@petebrowne.com — 04:57:25
✅ Sent to shawnpgilroy@gmail.com — 05:07:28
✅ Sent to Connorelsea@gmail.com — 05:17:30
✅ Sent to michal@brylinski.org — 05:27:31
✅ Sent to cmbankester@gmail.com — 05:37:32
✅ Sent to me@adamculpepper.net — 05:47:34
✅ Sent to zbyerly@gmail.com — 05:57:35
✅ Sent to chriscox@lsu.edu — 06:07:38
✅ Sent to bennybroseph@gmail.com — 06:17:40
✅ Sent to ufarooq@lsu.edu — 06:27:42
✅ Sent to corey@coreymatyas.com — 06:37:44
✅ Sent to sumitdhungana14@gmail.com — 06:47:45
✅ Sent to keithparent@me.com — 06:57:47
✅ Sent to blake@blakebollinger.dev — 07:07:51
✅ Sent to pvalle6@lsu.edu — 07:17:53
✅ Sent to Smith.Neil.H@gmail.com — 07:27:54
✅ Sent to popasquat89@gmail.com — 07:37:56
✅ Sent to wahajhssn@gmail.com — 07:47:58
✅ Sent to stephen@bwlng.com — 07:58:00
✅ Sent to rchakri25@gmail.com — 08:08:06
✅ Sent to gllore@lsu.edu — 08:18:10
✅ Sent to jlee42@gmail.com — 08:28:11
❌ Failed: betteryourweb@gmail.com — 08:38:12
✅ Sent to hnxcguohaoqiang2010@live.cn — 08:48:12
✅ Sent to terry.shipman@gmail.com — 08:58:13
❌ Failed: jared@crypto.cx — 09:08:13
❌ Failed: inquireryan@gmail.com — 09:18:15
✅ Sent to dmarce1@tigers.lsu.edu — 09:28:17
❌ Failed: dwest.netdev@gmail.com — 09:38:19
✅ Sent to hoffmann.vanessa13@gmail.com — 09:48:20
✅ Sent to ncopia@lamar.com — 09:58:22
✅ Sent to networkninjadh@gmail.com — 10:08:24
❌ Failed: joshferrara@gmail.com — 10:18:24
✅ Sent to kbarre123@gmail.com — 10:28:28
✅ Sent to brian.w.petroski@gmail.com — 10:38:30
✅ Sent to justin@jhwilson.com — 10:48:32
✅ Sent to jinghuage@gmail.com — 10:58:34
✅ Sent to info@alliancesafetycouncil.org — 11:08:35
✅ Sent to zhyrohaad@bellsouth.net — 11:18:38
✅ Sent to davec@ashesandwater.com — 11:28:41
✅ Sent to ckruszynsky@gmail.com — 11:38:43
✅ Sent to daixiongming@gmail.com — 11:48:45
✅ Sent to liangricky7@gmail.com — 11:58:46
✅ Sent to dr.anasmahmoud@gmail.com — 12:08:48
✅ Sent to kaileaalee99@gmail.com — 12:18:51
✅ Sent to kayla.bobo@sus.edu — 12:28:54
✅ Sent to parandiannima2@gmail.com — 12:38:56
✅ Sent to knguy47@gmail.com — 12:48:58
✅ Sent to NDeWitt@agcenter.lsu.edu — 12:59:00
✅ Sent to lance.caraccioli@gmail.com — 13:09:02
✅ Sent to rflejeune@yahoo.com — 13:19:04
✅ Sent to niteshkarki19@gmail.com — 13:29:09
✅ Sent to devon.bobo@sus.edu — 13:39:11
✅ Sent to adhinneupane2020@gmail.com — 13:49:12
✅ Sent to ovel2006@gmail.com — 13:59:14
✅ Sent to mckendon@acm.org — 14:09:16
✅ Sent to jessicalosee@gmail.com — 14:19:18
✅ Sent to croge32@gmail.com — 14:29:21
✅ Sent to pedroh_dias@hotmail.com — 14:39:23
✅ Sent to mcatrett@gmail.com — 14:49:24
✅ Sent to tingthou@lsu.edu — 14:59:26
✅ Sent to sadieforbes44@gmail.com — 15:09:28
✅ Sent to support@watchmanmonitoring.com — 15:19:29
✅ Sent to ajbuchanjr@gmail.com — 15:29:33
✅ Sent to leopoldmarx@gmail.com — 15:39:35
✅ Sent to yclong001@gmail.com — 15:49:36
✅ Sent to contact@noahtemplet.dev — 15:59:38
✅ Sent to jtallison@lsu.edu — 16:09:39
✅ Sent to hasim.hakanoglu@gmail.com — 16:19:40
✅ Sent to mshirk90@gmail.com — 16:29:44
✅ Sent to jacob@jacobpaulcarpenter.com — 16:39:45
✅ Sent to hello@newaperio.com — 16:49:47
✅ Sent to beerillie@outlook.com — 16:59:49
✅ Sent to john@morello.net — 17:09:50
✅ Sent to darrellrhodesmiller@gmail.com — 17:19:52
✅ Sent to rotolotaylor@gmail.com — 17:29:55
✅ Sent to wicslsu@gmail.com — 17:39:57
✅ Sent to blake.prudhomme@gmail.com — 17:49:59
✅ Sent to sean@chromech.com — 18:00:01
✅ Sent to pfilipchyk@gmail.com — 18:10:03
✅ Sent to visalkavinda@gmail.com — 18:20:04
✅ Sent to jlee@frenchquarterit.com — 18:30:08
✅ Sent to danceswithtime@gmail.com — 18:40:09
✅ Sent to spencerdnorman@gmail.com — 18:50:11
❌ Failed: jonathan_ruppel@yahoo.com — 19:00:13
❌ Failed: lynseygwin@gmail.com — 19:10:15
❌ Failed: sethholdenrichard@gmail.com — 19:20:16
❌ Failed: jawetzel615@gmail.com — 19:30:17
❌ Failed: nurjahannipa@gmail.com — 19:40:18
❌ Failed: haydh530@gmail.com — 19:50:19
❌ Failed: bluereach@hotmail.com — 20:00:20
❌ Failed: briandgomez98@gmail.com — 20:10:21
❌ Failed: jaredwilliamsmail@gmail.com — 20:20:21
❌ Failed: aharon.williams@gmail.com — 20:30:22
❌ Failed: seungwonyang@gmail.com — 20:40:23
❌ Failed: howard19940402@gmail.com — 20:50:24
❌ Failed: piine65@gmail.com — 21:00:25
❌ Failed: dev.mwalto7@gmail.com — 21:10:26
❌ Failed: digitalart@lsu.edu — 21:20:27
❌ Failed: 9nonnatus@gmail.com — 21:30:28
❌ Failed: michu@microsoft.com — 21:40:29
❌ Failed: nick.d@threesixtyeight.com — 21:50:29
❌ Failed: catherine.rodriquez04@gmail.com — 22:00:30
❌ Failed: abhishekkarayala@gmail.com — 22:10:31
❌ Failed: raymondlanoux@gmail.com — 22:20:32
❌ Failed: ummasalma2317@gmail.com — 22:30:33
❌ Failed: adityabaisakh123@gmail.com — 22:40:34
❌ Failed: hannah.harper@la.gov — 22:50:35
✅ Sent to abhimehro@pm.me — 23:00:38
❌ Failed: ksarre2@lsu.edu — 23:10:38
✅ Sent to jeff.huxen@gmail.com — 23:20:40
✅ Sent to vaughnohlerking@gmail.com — 23:30:43
✅ Sent to benmarceaux@gmail.com — 23:40:45
✅ Sent to mrahim6@lsu.edu — 23:50:47
